

<!DOCTYPE html>
<html>
<head>
<meta charset="UTF-8">
<meta name="viewport" content="width=device-width, initial-scale=1, shrink-to-fit=no">
<title></title>
<link rel="apple-touch-icon" href="https://cdn.jsdelivr.net/gh/extent-framework/extent-github-cdn@b00a2d0486596e73dd7326beacf352c639623a0e/commons/img/logo.png">
<link rel="shortcut icon" href="https://cdn.jsdelivr.net/gh/extent-framework/extent-github-cdn@b00a2d0486596e73dd7326beacf352c639623a0e/commons/img/logo.png">
<link href="https://cdn.jsdelivr.net/gh/extent-framework/extent-github-cdn@d6562a79075e061305ccfdb82f01e5e195e2d307/spark/css/spark-style.css" rel="stylesheet" />
<link href="https://stackpath.bootstrapcdn.com/font-awesome/4.7.0/css/font-awesome.min.css" rel="stylesheet">
<script src="https://cdn.jsdelivr.net/gh/extent-framework/extent-github-cdn@7cc78ce/spark/js/jsontree.js"></script>
<style type="text/css"></style></head><body class="spa bdd-report standard">
  <div class="app">
    <div class="layout">
<div class="header navbar">
<div class="vheader">
<div class="nav-logo">
<a href="#">
<div class="logo" style="background-image: url('https://cdn.jsdelivr.net/gh/extent-framework/extent-github-cdn@b00a2d0486596e73dd7326beacf352c639623a0e/commons/img/logo.png')"></div>
</a>
</div>
<ul class="nav-left">
<li class="search-box">
<a class="search-toggle" href="#">
<i class="search-icon fa fa-search"></i>
<i class="search-icon-close fa fa-close"></i>
</a>
</li>
<li class="search-input"><input id="search-tests" class="form-control" type="text" placeholder="Search..."></li>
</ul>
<ul class="nav-right">
<li class="m-r-10">
<a href="#"><span class="badge badge-primary"></span></a>
</li>
<li class="m-r-10">
<a href="#"><span class="badge badge-primary">Jun 18, 2025 02:55:55 PM</span></a>
</li>
</ul>
</div>
</div><div class="side-nav">
<div class="side-nav-inner">
<ul class="side-nav-menu">
<li class="nav-item dropdown" onclick="toggleView('test-view')">
<a id="nav-test" class="dropdown-toggle" href="#">
<span class="ico"><i class="fa fa-list"></i></span>
</a>
</li>
<li class="nav-item dropdown" onclick="toggleView('exception-view')">
<a id="nav-exception" class="dropdown-toggle" href="#">
<span class="ico"><i class="fa fa-bug"></i></span>
</a>
</li>
<li class="nav-item dropdown" onclick="toggleView('category-view')">
<a id="nav-category" class="dropdown-toggle" href="#">
<span class="ico"><i class="fa fa-tag"></i></span>
</a>
</li>
<li class="nav-item dropdown" onclick="toggleView('dashboard-view')">
<a id="nav-dashboard" class="dropdown-toggle" href="#">
<span class="ico"><i class="fa fa-bar-chart"></i></span>
</a>
</li>
</ul>
</div>
</div>      <div class="vcontainer">
        <div class="main-content">
<div class="test-wrapper row view test-view">
  <div class="test-list">
    <div class="test-list-tools">
<ul class="tools pull-left">
<li><a href="#"><span class="font-size-14">Tests</span></a></li>
</ul>
<ul class="tools text-right">
<li class="dropdown">
<a href="#" class="dropdown-toggle" data-toggle="dropdown"><i class="fa fa-exclamation-circle"></i></a>
<ul id="status-toggle" class="dropdown-menu dropdown-md p-v-0">
<a class="dropdown-item" status="pass" href="#"><span>Pass</span><span class="status success"></span></a>
<a class="dropdown-item" status="fail" href="#"><span>Fail</span><span class="status danger"></span></a>
<div class="dropdown-divider"></div>
<a status="clear" class="dropdown-item" href="#"><span>Clear</span><span class="pull-right"><i class="fa fa-close"></i></span></a>
</ul>
</li>
<li class="dropdown">
<a href="#" class="dropdown-toggle" data-toggle="dropdown"><i class="fa fa-tag"></i></a>
<ul id="tag-toggle" class="dropdown-menu dropdown-md p-v-0">
<a class="dropdown-item" href="#">@smoketest</a><a class="dropdown-item" href="#">@regression</a>
</ul>
</li>
</ul>
</div>    <div class="test-list-wrapper scrollable">
      <ul class="test-list-item">
        <li class="test-item"  status="fail" test-id="1"
          author=""
          tag=""
          device="">
          <div class="test-detail">
            <p class="name">Image Validation</p>
            <p class="text-sm">
              <span>2:55:56 PM</span> / <span>00:06:34:130</span>
              <span class="badge fail-bg log float-right">Fail</span>
            </p>
          </div>
          <div class="test-contents d-none">
<div class="detail-head">
<div class="p-v-10">
<div class="info">
<h5 class="test-status text-fail">Image Validation</h5>
<span class='badge badge-success'>06.18.2025 2:55:56 PM</span>
<span class='badge badge-danger'>06.18.2025 3:02:30 PM</span>
<span class='badge badge-default'>00:06:34:130</span>
&middot; <span class='uri-anchor badge badge-default'>#test-id=1</span>
<span class='badge badge-default pointer float-right ml-1 et'><i class="fa fa-chevron-down"></i></span>
<span class='badge badge-default pointer float-right ct'><i class="fa fa-chevron-up"></i></span>
</div>
<div class="m-t-10 m-l-5"></div>
</div>
</div>
<div class="accordion mt-4">
  <div class="card">
    <div class="card-header" role="tab">
      <div class="card-title">
        <div class="node" id="2"><span class="badge log fail-bg mr-2">Fail</span>Verify images are not broken on all main pages</div>
      </div>
    </div>
        <div class="scenario_outline ">
            <div class="card-body l1">
              <div class="card-header">
                <div class="card-title outline-child">
                  <div class="node" id="3"><span class="badge log pass-bg mr-2">Pass</span>Verify images are not broken on all main pages</div>
                </div>
              </div>
              <div class="card-body mt-3 collapse">
                  <div class="step pass-bg">
                    <span>Given the user is logged in</span>
      <div>
      </div>
                  </div>
                  <div class="step pass-bg">
                    <span>And user navigates to "Test Cases" page</span>
      <div>
      </div>
                  </div>
                  <div class="step pass-bg">
                    <span>Then all images should not be broken</span>
      <div>
      </div>
                  </div>
              </div>
            </div>
            <div class="card-body l1">
              <div class="card-header">
                <div class="card-title outline-child">
                  <div class="node" id="4"><span class="badge log pass-bg mr-2">Pass</span>Verify images are not broken on all main pages</div>
                </div>
              </div>
              <div class="card-body mt-3 collapse">
                  <div class="step pass-bg">
                    <span>Given the user is logged in</span>
      <div>
      </div>
                  </div>
                  <div class="step pass-bg">
                    <span>And user navigates to "API Testing" page</span>
      <div>
      </div>
                  </div>
                  <div class="step pass-bg">
                    <span>Then all images should not be broken</span>
      <div>
      </div>
                  </div>
              </div>
            </div>
            <div class="card-body l1">
              <div class="card-header">
                <div class="card-title outline-child">
                  <div class="node" id="5"><span class="badge log pass-bg mr-2">Pass</span>Verify images are not broken on all main pages</div>
                </div>
              </div>
              <div class="card-body mt-3 collapse">
                  <div class="step pass-bg">
                    <span>Given the user is logged in</span>
      <div>
      </div>
                  </div>
                  <div class="step pass-bg">
                    <span>And user navigates to "Contact us" page</span>
      <div>
      </div>
                  </div>
                  <div class="step pass-bg">
                    <span>Then all images should not be broken</span>
      <div>
      </div>
                  </div>
              </div>
            </div>
            <div class="card-body l1">
              <div class="card-header">
                <div class="card-title outline-child">
                  <div class="node" id="6"><span class="badge log fail-bg mr-2">Fail</span>Verify images are not broken on all main pages</div>
                </div>
              </div>
              <div class="card-body mt-3 ">
                  <div class="step fail-bg">
                    <span>Given the user is logged in</span>
      <div>
        <textarea disabled class="code-block">org.openqa.selenium.TimeoutException: java.util.concurrent.TimeoutException
Build info: version: '4.15.0', revision: '1d14b5521b'
System info: os.name: 'Windows 11', os.arch: 'amd64', os.version: '10.0', java.version: '21.0.7'
Driver info: org.openqa.selenium.edge.EdgeDriver
Command: [eef4f54b525f937026ba9c5595cd41d9, clickElement {id=f.5AD570EF70FD025122C5C897B969D0FC.d.EAE9CB7FAA653911E818A64020F0A062.e.22}]
Capabilities {acceptInsecureCerts: false, browserName: MicrosoftEdge, browserVersion: 137.0.3296.83, fedcm:accounts: true, ms:edgeOptions: {debuggerAddress: localhost:57872}, msedge: {msedgedriverVersion: 137.0.3296.83 (24e00e9cccf2..., userDataDir: C:\Users\Ronald\AppData\Loc...}, networkConnectionEnabled: false, pageLoadStrategy: normal, platformName: windows, proxy: Proxy(), se:cdp: ws://localhost:57872/devtoo..., se:cdpVersion: 137.0.3296.83, setWindowRect: true, strictFileInteractability: false, timeouts: {implicit: 0, pageLoad: 300000, script: 30000}, unhandledPromptBehavior: dismiss and notify, webauthn:extension:credBlob: true, webauthn:extension:largeBlob: true, webauthn:extension:minPinLength: true, webauthn:extension:prf: true, webauthn:virtualAuthenticators: true}
Element: [[EdgeDriver: MicrosoftEdge on windows (eef4f54b525f937026ba9c5595cd41d9)] -> xpath: //a[contains(normalize-space(text()),'Signup / Login')]]
Session ID: eef4f54b525f937026ba9c5595cd41d9
	at org.openqa.selenium.remote.http.jdk.JdkHttpClient.execute0(JdkHttpClient.java:410)
	at org.openqa.selenium.remote.http.AddSeleniumUserAgent.lambda$apply$0(AddSeleniumUserAgent.java:42)
	at org.openqa.selenium.remote.http.Filter.lambda$andFinally$1(Filter.java:55)
	at org.openqa.selenium.remote.http.jdk.JdkHttpClient.execute(JdkHttpClient.java:366)
	at org.openqa.selenium.remote.HttpCommandExecutor.execute(HttpCommandExecutor.java:188)
	at org.openqa.selenium.remote.service.DriverCommandExecutor.invokeExecute(DriverCommandExecutor.java:200)
	at org.openqa.selenium.remote.service.DriverCommandExecutor.execute(DriverCommandExecutor.java:175)
	at org.openqa.selenium.remote.RemoteWebDriver.execute(RemoteWebDriver.java:607)
	at org.openqa.selenium.remote.RemoteWebElement.execute(RemoteWebElement.java:224)
	at org.openqa.selenium.remote.RemoteWebElement.click(RemoteWebElement.java:77)
	at pages.TopBar.clickTopBarItem(TopBar.java:63)
	at stepsDefinitions.ProductsSteps.the_user_is_logged_in(ProductsSteps.java:41)
	at ✽.the user is logged in(file:///C:/Automation/myworkspace/seleniumwebdriver/MyCucumberProject/./Features/ImageValidation.feature:5)
Caused by: java.util.concurrent.TimeoutException
	at java.base/java.util.concurrent.CompletableFuture.timedGet(CompletableFuture.java:1960)
	at java.base/java.util.concurrent.CompletableFuture.get(CompletableFuture.java:2095)
	at org.openqa.selenium.remote.http.jdk.JdkHttpClient.execute0(JdkHttpClient.java:393)
	at org.openqa.selenium.remote.http.AddSeleniumUserAgent.lambda$apply$0(AddSeleniumUserAgent.java:42)
	at org.openqa.selenium.remote.http.Filter.lambda$andFinally$1(Filter.java:55)
	at org.openqa.selenium.remote.http.jdk.JdkHttpClient.execute(JdkHttpClient.java:366)
	at org.openqa.selenium.remote.HttpCommandExecutor.execute(HttpCommandExecutor.java:188)
	at org.openqa.selenium.remote.service.DriverCommandExecutor.invokeExecute(DriverCommandExecutor.java:200)
	at org.openqa.selenium.remote.service.DriverCommandExecutor.execute(DriverCommandExecutor.java:175)
	at org.openqa.selenium.remote.RemoteWebDriver.execute(RemoteWebDriver.java:607)
	at org.openqa.selenium.remote.RemoteWebElement.execute(RemoteWebElement.java:224)
	at org.openqa.selenium.remote.RemoteWebElement.click(RemoteWebElement.java:77)
	at pages.TopBar.clickTopBarItem(TopBar.java:63)
	at stepsDefinitions.ProductsSteps.the_user_is_logged_in(ProductsSteps.java:41)
	at java.base/jdk.internal.reflect.DirectMethodHandleAccessor.invoke(DirectMethodHandleAccessor.java:103)
	at java.base/java.lang.reflect.Method.invoke(Method.java:580)
	at io.cucumber.java.Invoker.doInvoke(Invoker.java:66)
	at io.cucumber.java.Invoker.invoke(Invoker.java:24)
	at io.cucumber.java.AbstractGlueDefinition.invokeMethod(AbstractGlueDefinition.java:47)
	at io.cucumber.java.JavaStepDefinition.execute(JavaStepDefinition.java:29)
	at io.cucumber.core.runner.CoreStepDefinition.execute(CoreStepDefinition.java:66)
	at io.cucumber.core.runner.PickleStepDefinitionMatch.runStep(PickleStepDefinitionMatch.java:63)
	at io.cucumber.core.runner.ExecutionMode$1.execute(ExecutionMode.java:10)
	at io.cucumber.core.runner.TestStep.executeStep(TestStep.java:84)
	at io.cucumber.core.runner.TestStep.run(TestStep.java:56)
	at io.cucumber.core.runner.PickleStepTestStep.run(PickleStepTestStep.java:51)
	at io.cucumber.core.runner.TestCase.run(TestCase.java:84)
	at io.cucumber.core.runner.Runner.runPickle(Runner.java:75)
	at io.cucumber.testng.TestNGCucumberRunner.lambda$runScenario$1(TestNGCucumberRunner.java:132)
	at io.cucumber.core.runtime.CucumberExecutionContext.lambda$runTestCase$5(CucumberExecutionContext.java:137)
	at io.cucumber.core.runtime.RethrowingThrowableCollector.executeAndThrow(RethrowingThrowableCollector.java:23)
	at io.cucumber.core.runtime.CucumberExecutionContext.runTestCase(CucumberExecutionContext.java:137)
	at io.cucumber.testng.TestNGCucumberRunner.runScenario(TestNGCucumberRunner.java:129)
	at io.cucumber.testng.AbstractTestNGCucumberTests.runScenario(AbstractTestNGCucumberTests.java:35)
	at java.base/jdk.internal.reflect.DirectMethodHandleAccessor.invoke(DirectMethodHandleAccessor.java:103)
	at java.base/java.lang.reflect.Method.invoke(Method.java:580)
	at org.testng.internal.invokers.MethodInvocationHelper.invokeMethod(MethodInvocationHelper.java:139)
	at org.testng.internal.invokers.TestInvoker.invokeMethod(TestInvoker.java:677)
	at org.testng.internal.invokers.TestInvoker.invokeTestMethod(TestInvoker.java:221)
	at org.testng.internal.invokers.TestMethodWithDataProviderMethodWorker.call(TestMethodWithDataProviderMethodWorker.java:80)
	at org.testng.internal.invokers.TestMethodWithDataProviderMethodWorker.call(TestMethodWithDataProviderMethodWorker.java:17)
	at java.base/java.util.concurrent.FutureTask.run(FutureTask.java:317)
	at java.base/java.util.concurrent.Executors$RunnableAdapter.call(Executors.java:572)
	at java.base/java.util.concurrent.FutureTask.run(FutureTask.java:317)
	at java.base/java.util.concurrent.ThreadPoolExecutor.runWorker(ThreadPoolExecutor.java:1144)
	at java.base/java.util.concurrent.ThreadPoolExecutor$Worker.run(ThreadPoolExecutor.java:642)
	at java.base/java.lang.Thread.run(Thread.java:1583)
</textarea>
      
      </div>
                  </div>
                  <div class="step fail-bg">
                    <span>hooks.Hooks.addScreenshot(io.cucumber.java.Scenario)</span>
      <div>
        <textarea disabled class="code-block">org.openqa.selenium.TimeoutException: java.net.http.HttpTimeoutException: request timed out
Build info: version: '4.15.0', revision: '1d14b5521b'
System info: os.name: 'Windows 11', os.arch: 'amd64', os.version: '10.0', java.version: '21.0.7'
Driver info: org.openqa.selenium.edge.EdgeDriver
Command: [eef4f54b525f937026ba9c5595cd41d9, screenshot {}]
Capabilities {acceptInsecureCerts: false, browserName: MicrosoftEdge, browserVersion: 137.0.3296.83, fedcm:accounts: true, ms:edgeOptions: {debuggerAddress: localhost:57872}, msedge: {msedgedriverVersion: 137.0.3296.83 (24e00e9cccf2..., userDataDir: C:\Users\Ronald\AppData\Loc...}, networkConnectionEnabled: false, pageLoadStrategy: normal, platformName: windows, proxy: Proxy(), se:cdp: ws://localhost:57872/devtoo..., se:cdpVersion: 137.0.3296.83, setWindowRect: true, strictFileInteractability: false, timeouts: {implicit: 0, pageLoad: 300000, script: 30000}, unhandledPromptBehavior: dismiss and notify, webauthn:extension:credBlob: true, webauthn:extension:largeBlob: true, webauthn:extension:minPinLength: true, webauthn:extension:prf: true, webauthn:virtualAuthenticators: true}
Session ID: eef4f54b525f937026ba9c5595cd41d9
	at org.openqa.selenium.remote.http.jdk.JdkHttpClient.execute0(JdkHttpClient.java:400)
	at org.openqa.selenium.remote.http.AddSeleniumUserAgent.lambda$apply$0(AddSeleniumUserAgent.java:42)
	at org.openqa.selenium.remote.http.Filter.lambda$andFinally$1(Filter.java:55)
	at org.openqa.selenium.remote.http.jdk.JdkHttpClient.execute(JdkHttpClient.java:366)
	at org.openqa.selenium.remote.HttpCommandExecutor.execute(HttpCommandExecutor.java:188)
	at org.openqa.selenium.remote.service.DriverCommandExecutor.invokeExecute(DriverCommandExecutor.java:200)
	at org.openqa.selenium.remote.service.DriverCommandExecutor.execute(DriverCommandExecutor.java:175)
	at org.openqa.selenium.remote.RemoteWebDriver.execute(RemoteWebDriver.java:607)
	at org.openqa.selenium.remote.RemoteWebDriver.execute(RemoteWebDriver.java:680)
	at org.openqa.selenium.remote.RemoteWebDriver.execute(RemoteWebDriver.java:684)
	at org.openqa.selenium.remote.RemoteWebDriver.getScreenshotAs(RemoteWebDriver.java:330)
	at hooks.Hooks.addScreenshot(Hooks.java:49)
Caused by: java.net.http.HttpTimeoutException: request timed out
	at java.net.http/jdk.internal.net.http.ResponseTimerEvent.handle(ResponseTimerEvent.java:63)
	at java.net.http/jdk.internal.net.http.HttpClientImpl.purgeTimeoutsAndReturnNextDeadline(HttpClientImpl.java:1780)
	at java.net.http/jdk.internal.net.http.HttpClientImpl$SelectorManager.run(HttpClientImpl.java:1378)
</textarea>
      
      </div>
                  </div>
                  <div class="step skip-bg">
                    <span>And user navigates to "Home" page</span>
      <div>Step skipped
      </div>
                  </div>
                  <div class="step skip-bg">
                    <span>Then all images should not be broken</span>
      <div>Step skipped
      </div>
                  </div>
              </div>
            </div>
            <div class="card-body l1">
              <div class="card-header">
                <div class="card-title outline-child">
                  <div class="node" id="7"><span class="badge log pass-bg mr-2">Pass</span>Verify images are not broken on all main pages</div>
                </div>
              </div>
              <div class="card-body mt-3 collapse">
                  <div class="step pass-bg">
                    <span>Given the user is logged in</span>
      <div>
      </div>
                  </div>
                  <div class="step pass-bg">
                    <span>And user navigates to "Cart" page</span>
      <div>
      </div>
                  </div>
                  <div class="step pass-bg">
                    <span>Then all images should not be broken</span>
      <div>
      </div>
                  </div>
              </div>
            </div>
            <div class="card-body l1">
              <div class="card-header">
                <div class="card-title outline-child">
                  <div class="node" id="8"><span class="badge log pass-bg mr-2">Pass</span>Verify images are not broken on all main pages</div>
                </div>
              </div>
              <div class="card-body mt-3 collapse">
                  <div class="step pass-bg">
                    <span>Given the user is logged in</span>
      <div>
      </div>
                  </div>
                  <div class="step pass-bg">
                    <span>And user navigates to "Products" page</span>
      <div>
      </div>
                  </div>
                  <div class="step pass-bg">
                    <span>Then all images should not be broken</span>
      <div>
      </div>
                  </div>
              </div>
            </div>
            <div class="card-body l1">
              <div class="card-header">
                <div class="card-title outline-child">
                  <div class="node" id="74"><span class="badge log pass-bg mr-2">Pass</span>Verify subcategory filter displays correct products</div>
                </div>
              </div>
              <div class="card-body mt-3 collapse">
                  <div class="step pass-bg">
                    <span>Given the user is logged in</span>
      <div>
      </div>
                  </div>
                  <div class="step pass-bg">
                    <span>And user navigates to "Products" page</span>
      <div>
      </div>
                  </div>
                  <div class="step pass-bg">
                    <span>When user selects subcategory "Women" and "Dress"</span>
      <div>
      </div>
                  </div>
                  <div class="step pass-bg">
                    <span>Then only products under "Dress" subcategory should be displayed</span>
      <div>
      </div>
                  </div>
              </div>
            </div>
            <div class="card-body l1">
              <div class="card-header">
                <div class="card-title outline-child">
                  <div class="node" id="84"><span class="badge log pass-bg mr-2">Pass</span>Verify subcategory filter displays correct products</div>
                </div>
              </div>
              <div class="card-body mt-3 collapse">
                  <div class="step pass-bg">
                    <span>Given the user is logged in</span>
      <div>
      </div>
                  </div>
                  <div class="step pass-bg">
                    <span>And user navigates to "Products" page</span>
      <div>
      </div>
                  </div>
                  <div class="step pass-bg">
                    <span>When user selects subcategory "Men" and "Tshirts"</span>
      <div>
      </div>
                  </div>
                  <div class="step pass-bg">
                    <span>Then only products under "Tshirts" subcategory should be displayed</span>
      <div>
      </div>
                  </div>
              </div>
            </div>
            <div class="card-body l1">
              <div class="card-header">
                <div class="card-title outline-child">
                  <div class="node" id="140"><span class="badge log pass-bg mr-2">Pass</span>Verify Brands displays correct page</div>
                </div>
              </div>
              <div class="card-body mt-3 collapse">
                  <div class="step pass-bg">
                    <span>Given the user is logged in</span>
      <div>
      </div>
                  </div>
                  <div class="step pass-bg">
                    <span>And user navigates to "Products" page</span>
      <div>
      </div>
                  </div>
                  <div class="step pass-bg">
                    <span>When user clicks "Madame"</span>
      <div>
      </div>
                  </div>
                  <div class="step pass-bg">
                    <span>Then only products under "Madame" should be displayed</span>
      <div>
      </div>
                  </div>
                  <div class="step pass-bg">
                    <span>Then user should see products displayed</span>
      <div>
      </div>
                  </div>
              </div>
            </div>
            <div class="card-body l1">
              <div class="card-header">
                <div class="card-title outline-child">
                  <div class="node" id="142"><span class="badge log pass-bg mr-2">Pass</span>Verify Brands displays correct page</div>
                </div>
              </div>
              <div class="card-body mt-3 collapse">
                  <div class="step pass-bg">
                    <span>Given the user is logged in</span>
      <div>
      </div>
                  </div>
                  <div class="step pass-bg">
                    <span>And user navigates to "Products" page</span>
      <div>
      </div>
                  </div>
                  <div class="step pass-bg">
                    <span>When user clicks "Mast & Harbour"</span>
      <div>
      </div>
                  </div>
                  <div class="step pass-bg">
                    <span>Then only products under "Mast & Harbour" should be displayed</span>
      <div>
      </div>
                  </div>
                  <div class="step pass-bg">
                    <span>Then user should see products displayed</span>
      <div>
      </div>
                  </div>
              </div>
            </div>
            <div class="card-body l1">
              <div class="card-header">
                <div class="card-title outline-child">
                  <div class="node" id="150"><span class="badge log pass-bg mr-2">Pass</span>Verify Brands displays correct page</div>
                </div>
              </div>
              <div class="card-body mt-3 collapse">
                  <div class="step pass-bg">
                    <span>Given the user is logged in</span>
      <div>
      </div>
                  </div>
                  <div class="step pass-bg">
                    <span>And user navigates to "Products" page</span>
      <div>
      </div>
                  </div>
                  <div class="step pass-bg">
                    <span>When user clicks "Babyhug"</span>
      <div>
      </div>
                  </div>
                  <div class="step pass-bg">
                    <span>Then only products under "Babyhug" should be displayed</span>
      <div>
      </div>
                  </div>
                  <div class="step pass-bg">
                    <span>Then user should see products displayed</span>
      <div>
      </div>
                  </div>
              </div>
            </div>
        </div>
  </div>
</div>
          </div>
        </li>
        <li class="test-item"  status="fail" test-id="9"
          author=""
          tag=""
          device="">
          <div class="test-detail">
            <p class="name">Login Functionality</p>
            <p class="text-sm">
              <span>2:55:56 PM</span> / <span>00:06:38:150</span>
              <span class="badge fail-bg log float-right">Fail</span>
            </p>
          </div>
          <div class="test-contents d-none">
<div class="detail-head">
<div class="p-v-10">
<div class="info">
<h5 class="test-status text-fail">Login Functionality</h5>
<span class='badge badge-success'>06.18.2025 2:55:56 PM</span>
<span class='badge badge-danger'>06.18.2025 3:02:34 PM</span>
<span class='badge badge-default'>00:06:38:150</span>
&middot; <span class='uri-anchor badge badge-default'>#test-id=9</span>
<span class='badge badge-default pointer float-right ml-1 et'><i class="fa fa-chevron-down"></i></span>
<span class='badge badge-default pointer float-right ct'><i class="fa fa-chevron-up"></i></span>
</div>
<div class="m-t-10 m-l-5"></div>
</div>
</div>
<div class="accordion mt-4">
  <div class="card">
    <div class="card-header" role="tab">
      <div class="card-title">
        <div class="node" id="10"><span class="badge log fail-bg mr-2">Fail</span>Verify login</div>
      </div>
    </div>
        <div class="scenario_outline ">
            <div class="card-body l1">
              <div class="card-header">
                <div class="card-title outline-child">
                  <div class="node" id="11"><span class="badge log fail-bg mr-2">Fail</span>Verify login</div>
                </div>
              </div>
              <div class="card-body mt-3 ">
                  <div class="step fail-bg">
                    <span>Given user is on login page</span>
      <div>
        <textarea disabled class="code-block">org.openqa.selenium.TimeoutException: java.util.concurrent.TimeoutException
Build info: version: '4.15.0', revision: '1d14b5521b'
System info: os.name: 'Windows 11', os.arch: 'amd64', os.version: '10.0', java.version: '21.0.7'
Driver info: org.openqa.selenium.edge.EdgeDriver
Command: [5f5dade08b2a07a9637823ae1cc2c870, clickElement {id=f.D78008CFABE9C99893FFDA9AEC876A48.d.3C6E85A4CA62B952EDAD7F9D5C05A984.e.40}]
Capabilities {acceptInsecureCerts: false, browserName: MicrosoftEdge, browserVersion: 137.0.3296.83, fedcm:accounts: true, ms:edgeOptions: {debuggerAddress: localhost:57875}, msedge: {msedgedriverVersion: 137.0.3296.83 (24e00e9cccf2..., userDataDir: C:\Users\Ronald\AppData\Loc...}, networkConnectionEnabled: false, pageLoadStrategy: normal, platformName: windows, proxy: Proxy(), se:cdp: ws://localhost:57875/devtoo..., se:cdpVersion: 137.0.3296.83, setWindowRect: true, strictFileInteractability: false, timeouts: {implicit: 0, pageLoad: 300000, script: 30000}, unhandledPromptBehavior: dismiss and notify, webauthn:extension:credBlob: true, webauthn:extension:largeBlob: true, webauthn:extension:minPinLength: true, webauthn:extension:prf: true, webauthn:virtualAuthenticators: true}
Element: [[EdgeDriver: MicrosoftEdge on windows (5f5dade08b2a07a9637823ae1cc2c870)] -> xpath: //a[contains(text(),'Signup / Login')]]
Session ID: 5f5dade08b2a07a9637823ae1cc2c870
	at org.openqa.selenium.remote.http.jdk.JdkHttpClient.execute0(JdkHttpClient.java:410)
	at org.openqa.selenium.remote.http.AddSeleniumUserAgent.lambda$apply$0(AddSeleniumUserAgent.java:42)
	at org.openqa.selenium.remote.http.Filter.lambda$andFinally$1(Filter.java:55)
	at org.openqa.selenium.remote.http.jdk.JdkHttpClient.execute(JdkHttpClient.java:366)
	at org.openqa.selenium.remote.HttpCommandExecutor.execute(HttpCommandExecutor.java:188)
	at org.openqa.selenium.remote.service.DriverCommandExecutor.invokeExecute(DriverCommandExecutor.java:200)
	at org.openqa.selenium.remote.service.DriverCommandExecutor.execute(DriverCommandExecutor.java:175)
	at org.openqa.selenium.remote.RemoteWebDriver.execute(RemoteWebDriver.java:607)
	at org.openqa.selenium.remote.RemoteWebElement.execute(RemoteWebElement.java:224)
	at org.openqa.selenium.remote.RemoteWebElement.click(RemoteWebElement.java:77)
	at java.base/jdk.internal.reflect.DirectMethodHandleAccessor.invoke(DirectMethodHandleAccessor.java:103)
	at java.base/java.lang.reflect.Method.invoke(Method.java:580)
	at org.openqa.selenium.support.pagefactory.internal.LocatingElementHandler.invoke(LocatingElementHandler.java:51)
	at jdk.proxy2/jdk.proxy2.$Proxy29.click(Unknown Source)
	at pages.TopBar.clickLogin(TopBar.java:68)
	at stepsDefinitions.LoginSteps.user_is_on_login_page(LoginSteps.java:36)
	at ✽.user is on login page(file:///C:/Automation/myworkspace/seleniumwebdriver/MyCucumberProject/./Features/Login.feature:5)
Caused by: java.util.concurrent.TimeoutException
	at java.base/java.util.concurrent.CompletableFuture.timedGet(CompletableFuture.java:1960)
	at java.base/java.util.concurrent.CompletableFuture.get(CompletableFuture.java:2095)
	at org.openqa.selenium.remote.http.jdk.JdkHttpClient.execute0(JdkHttpClient.java:393)
	at org.openqa.selenium.remote.http.AddSeleniumUserAgent.lambda$apply$0(AddSeleniumUserAgent.java:42)
	at org.openqa.selenium.remote.http.Filter.lambda$andFinally$1(Filter.java:55)
	at org.openqa.selenium.remote.http.jdk.JdkHttpClient.execute(JdkHttpClient.java:366)
	at org.openqa.selenium.remote.HttpCommandExecutor.execute(HttpCommandExecutor.java:188)
	at org.openqa.selenium.remote.service.DriverCommandExecutor.invokeExecute(DriverCommandExecutor.java:200)
	at org.openqa.selenium.remote.service.DriverCommandExecutor.execute(DriverCommandExecutor.java:175)
	at org.openqa.selenium.remote.RemoteWebDriver.execute(RemoteWebDriver.java:607)
	at org.openqa.selenium.remote.RemoteWebElement.execute(RemoteWebElement.java:224)
	at org.openqa.selenium.remote.RemoteWebElement.click(RemoteWebElement.java:77)
	at java.base/jdk.internal.reflect.DirectMethodHandleAccessor.invoke(DirectMethodHandleAccessor.java:103)
	at java.base/java.lang.reflect.Method.invoke(Method.java:580)
	at org.openqa.selenium.support.pagefactory.internal.LocatingElementHandler.invoke(LocatingElementHandler.java:51)
	at jdk.proxy2/jdk.proxy2.$Proxy29.click(Unknown Source)
	at pages.TopBar.clickLogin(TopBar.java:68)
	at stepsDefinitions.LoginSteps.user_is_on_login_page(LoginSteps.java:36)
	at java.base/jdk.internal.reflect.DirectMethodHandleAccessor.invoke(DirectMethodHandleAccessor.java:103)
	at java.base/java.lang.reflect.Method.invoke(Method.java:580)
	at io.cucumber.java.Invoker.doInvoke(Invoker.java:66)
	at io.cucumber.java.Invoker.invoke(Invoker.java:24)
	at io.cucumber.java.AbstractGlueDefinition.invokeMethod(AbstractGlueDefinition.java:47)
	at io.cucumber.java.JavaStepDefinition.execute(JavaStepDefinition.java:29)
	at io.cucumber.core.runner.CoreStepDefinition.execute(CoreStepDefinition.java:66)
	at io.cucumber.core.runner.PickleStepDefinitionMatch.runStep(PickleStepDefinitionMatch.java:63)
	at io.cucumber.core.runner.ExecutionMode$1.execute(ExecutionMode.java:10)
	at io.cucumber.core.runner.TestStep.executeStep(TestStep.java:84)
	at io.cucumber.core.runner.TestStep.run(TestStep.java:56)
	at io.cucumber.core.runner.PickleStepTestStep.run(PickleStepTestStep.java:51)
	at io.cucumber.core.runner.TestCase.run(TestCase.java:84)
	at io.cucumber.core.runner.Runner.runPickle(Runner.java:75)
	at io.cucumber.testng.TestNGCucumberRunner.lambda$runScenario$1(TestNGCucumberRunner.java:132)
	at io.cucumber.core.runtime.CucumberExecutionContext.lambda$runTestCase$5(CucumberExecutionContext.java:137)
	at io.cucumber.core.runtime.RethrowingThrowableCollector.executeAndThrow(RethrowingThrowableCollector.java:23)
	at io.cucumber.core.runtime.CucumberExecutionContext.runTestCase(CucumberExecutionContext.java:137)
	at io.cucumber.testng.TestNGCucumberRunner.runScenario(TestNGCucumberRunner.java:129)
	at io.cucumber.testng.AbstractTestNGCucumberTests.runScenario(AbstractTestNGCucumberTests.java:35)
	at java.base/jdk.internal.reflect.DirectMethodHandleAccessor.invoke(DirectMethodHandleAccessor.java:103)
	at java.base/java.lang.reflect.Method.invoke(Method.java:580)
	at org.testng.internal.invokers.MethodInvocationHelper.invokeMethod(MethodInvocationHelper.java:139)
	at org.testng.internal.invokers.TestInvoker.invokeMethod(TestInvoker.java:677)
	at org.testng.internal.invokers.TestInvoker.invokeTestMethod(TestInvoker.java:221)
	at org.testng.internal.invokers.TestMethodWithDataProviderMethodWorker.call(TestMethodWithDataProviderMethodWorker.java:80)
	at org.testng.internal.invokers.TestMethodWithDataProviderMethodWorker.call(TestMethodWithDataProviderMethodWorker.java:17)
	at java.base/java.util.concurrent.FutureTask.run(FutureTask.java:317)
	at java.base/java.util.concurrent.Executors$RunnableAdapter.call(Executors.java:572)
	at java.base/java.util.concurrent.FutureTask.run(FutureTask.java:317)
	at java.base/java.util.concurrent.ThreadPoolExecutor.runWorker(ThreadPoolExecutor.java:1144)
	at java.base/java.util.concurrent.ThreadPoolExecutor$Worker.run(ThreadPoolExecutor.java:642)
	at java.base/java.lang.Thread.run(Thread.java:1583)
</textarea>
      
      </div>
                  </div>
                  <div class="step fail-bg">
                    <span>hooks.Hooks.addScreenshot(io.cucumber.java.Scenario)</span>
      <div>
        <textarea disabled class="code-block">org.openqa.selenium.TimeoutException: java.net.http.HttpTimeoutException: request timed out
Build info: version: '4.15.0', revision: '1d14b5521b'
System info: os.name: 'Windows 11', os.arch: 'amd64', os.version: '10.0', java.version: '21.0.7'
Driver info: org.openqa.selenium.edge.EdgeDriver
Command: [5f5dade08b2a07a9637823ae1cc2c870, screenshot {}]
Capabilities {acceptInsecureCerts: false, browserName: MicrosoftEdge, browserVersion: 137.0.3296.83, fedcm:accounts: true, ms:edgeOptions: {debuggerAddress: localhost:57875}, msedge: {msedgedriverVersion: 137.0.3296.83 (24e00e9cccf2..., userDataDir: C:\Users\Ronald\AppData\Loc...}, networkConnectionEnabled: false, pageLoadStrategy: normal, platformName: windows, proxy: Proxy(), se:cdp: ws://localhost:57875/devtoo..., se:cdpVersion: 137.0.3296.83, setWindowRect: true, strictFileInteractability: false, timeouts: {implicit: 0, pageLoad: 300000, script: 30000}, unhandledPromptBehavior: dismiss and notify, webauthn:extension:credBlob: true, webauthn:extension:largeBlob: true, webauthn:extension:minPinLength: true, webauthn:extension:prf: true, webauthn:virtualAuthenticators: true}
Session ID: 5f5dade08b2a07a9637823ae1cc2c870
	at org.openqa.selenium.remote.http.jdk.JdkHttpClient.execute0(JdkHttpClient.java:400)
	at org.openqa.selenium.remote.http.AddSeleniumUserAgent.lambda$apply$0(AddSeleniumUserAgent.java:42)
	at org.openqa.selenium.remote.http.Filter.lambda$andFinally$1(Filter.java:55)
	at org.openqa.selenium.remote.http.jdk.JdkHttpClient.execute(JdkHttpClient.java:366)
	at org.openqa.selenium.remote.HttpCommandExecutor.execute(HttpCommandExecutor.java:188)
	at org.openqa.selenium.remote.service.DriverCommandExecutor.invokeExecute(DriverCommandExecutor.java:200)
	at org.openqa.selenium.remote.service.DriverCommandExecutor.execute(DriverCommandExecutor.java:175)
	at org.openqa.selenium.remote.RemoteWebDriver.execute(RemoteWebDriver.java:607)
	at org.openqa.selenium.remote.RemoteWebDriver.execute(RemoteWebDriver.java:680)
	at org.openqa.selenium.remote.RemoteWebDriver.execute(RemoteWebDriver.java:684)
	at org.openqa.selenium.remote.RemoteWebDriver.getScreenshotAs(RemoteWebDriver.java:330)
	at hooks.Hooks.addScreenshot(Hooks.java:49)
Caused by: java.net.http.HttpTimeoutException: request timed out
	at java.net.http/jdk.internal.net.http.ResponseTimerEvent.handle(ResponseTimerEvent.java:63)
	at java.net.http/jdk.internal.net.http.HttpClientImpl.purgeTimeoutsAndReturnNextDeadline(HttpClientImpl.java:1780)
	at java.net.http/jdk.internal.net.http.HttpClientImpl$SelectorManager.run(HttpClientImpl.java:1378)
</textarea>
      
      </div>
                  </div>
                  <div class="step skip-bg">
                    <span>When user enters "" and ""</span>
      <div>Step skipped
      </div>
                  </div>
                  <div class="step skip-bg">
                    <span>And user clicks "Login" button</span>
      <div>Step skipped
      </div>
                  </div>
                  <div class="step skip-bg">
                    <span>Then user is redirected accordingly "invalid"</span>
      <div>Step skipped
      </div>
                  </div>
              </div>
            </div>
            <div class="card-body l1">
              <div class="card-header">
                <div class="card-title outline-child">
                  <div class="node" id="12"><span class="badge log pass-bg mr-2">Pass</span>Verify login</div>
                </div>
              </div>
              <div class="card-body mt-3 collapse">
                  <div class="step pass-bg">
                    <span>Given user is on login page</span>
      <div>
      </div>
                  </div>
                  <div class="step pass-bg">
                    <span>When user enters "testrtqa@gmail.com" and "testrttestrt"</span>
      <div>
      </div>
                  </div>
                  <div class="step pass-bg">
                    <span>And user clicks "Login" button</span>
      <div>
      </div>
                  </div>
                  <div class="step pass-bg">
                    <span>Then user is redirected accordingly "valid"</span>
      <div>
      </div>
                  </div>
              </div>
            </div>
            <div class="card-body l1">
              <div class="card-header">
                <div class="card-title outline-child">
                  <div class="node" id="13"><span class="badge log fail-bg mr-2">Fail</span>Verify login</div>
                </div>
              </div>
              <div class="card-body mt-3 ">
                  <div class="step fail-bg">
                    <span>Given user is on login page</span>
      <div>
        <textarea disabled class="code-block">org.openqa.selenium.TimeoutException: java.util.concurrent.TimeoutException
Build info: version: '4.15.0', revision: '1d14b5521b'
System info: os.name: 'Windows 11', os.arch: 'amd64', os.version: '10.0', java.version: '21.0.7'
Driver info: org.openqa.selenium.edge.EdgeDriver
Command: [06937ac52f9bae62f6d7772cb192b286, clickElement {id=f.39165714FF43A32186AD754F3977C8F2.d.EE996E7A7DFD25ABD20A1DCF1C101644.e.18}]
Capabilities {acceptInsecureCerts: false, browserName: MicrosoftEdge, browserVersion: 137.0.3296.83, fedcm:accounts: true, ms:edgeOptions: {debuggerAddress: localhost:57951}, msedge: {msedgedriverVersion: 137.0.3296.83 (24e00e9cccf2..., userDataDir: C:\Users\Ronald\AppData\Loc...}, networkConnectionEnabled: false, pageLoadStrategy: normal, platformName: windows, proxy: Proxy(), se:cdp: ws://localhost:57951/devtoo..., se:cdpVersion: 137.0.3296.83, setWindowRect: true, strictFileInteractability: false, timeouts: {implicit: 0, pageLoad: 300000, script: 30000}, unhandledPromptBehavior: dismiss and notify, webauthn:extension:credBlob: true, webauthn:extension:largeBlob: true, webauthn:extension:minPinLength: true, webauthn:extension:prf: true, webauthn:virtualAuthenticators: true}
Element: [[EdgeDriver: MicrosoftEdge on windows (06937ac52f9bae62f6d7772cb192b286)] -> xpath: //a[contains(text(),'Signup / Login')]]
Session ID: 06937ac52f9bae62f6d7772cb192b286
	at org.openqa.selenium.remote.http.jdk.JdkHttpClient.execute0(JdkHttpClient.java:410)
	at org.openqa.selenium.remote.http.AddSeleniumUserAgent.lambda$apply$0(AddSeleniumUserAgent.java:42)
	at org.openqa.selenium.remote.http.Filter.lambda$andFinally$1(Filter.java:55)
	at org.openqa.selenium.remote.http.jdk.JdkHttpClient.execute(JdkHttpClient.java:366)
	at org.openqa.selenium.remote.HttpCommandExecutor.execute(HttpCommandExecutor.java:188)
	at org.openqa.selenium.remote.service.DriverCommandExecutor.invokeExecute(DriverCommandExecutor.java:200)
	at org.openqa.selenium.remote.service.DriverCommandExecutor.execute(DriverCommandExecutor.java:175)
	at org.openqa.selenium.remote.RemoteWebDriver.execute(RemoteWebDriver.java:607)
	at org.openqa.selenium.remote.RemoteWebElement.execute(RemoteWebElement.java:224)
	at org.openqa.selenium.remote.RemoteWebElement.click(RemoteWebElement.java:77)
	at java.base/jdk.internal.reflect.DirectMethodHandleAccessor.invoke(DirectMethodHandleAccessor.java:103)
	at java.base/java.lang.reflect.Method.invoke(Method.java:580)
	at org.openqa.selenium.support.pagefactory.internal.LocatingElementHandler.invoke(LocatingElementHandler.java:51)
	at jdk.proxy2/jdk.proxy2.$Proxy29.click(Unknown Source)
	at pages.TopBar.clickLogin(TopBar.java:68)
	at stepsDefinitions.LoginSteps.user_is_on_login_page(LoginSteps.java:36)
	at ✽.user is on login page(file:///C:/Automation/myworkspace/seleniumwebdriver/MyCucumberProject/./Features/Login.feature:5)
Caused by: java.util.concurrent.TimeoutException
	at java.base/java.util.concurrent.CompletableFuture.timedGet(CompletableFuture.java:1960)
	at java.base/java.util.concurrent.CompletableFuture.get(CompletableFuture.java:2095)
	at org.openqa.selenium.remote.http.jdk.JdkHttpClient.execute0(JdkHttpClient.java:393)
	at org.openqa.selenium.remote.http.AddSeleniumUserAgent.lambda$apply$0(AddSeleniumUserAgent.java:42)
	at org.openqa.selenium.remote.http.Filter.lambda$andFinally$1(Filter.java:55)
	at org.openqa.selenium.remote.http.jdk.JdkHttpClient.execute(JdkHttpClient.java:366)
	at org.openqa.selenium.remote.HttpCommandExecutor.execute(HttpCommandExecutor.java:188)
	at org.openqa.selenium.remote.service.DriverCommandExecutor.invokeExecute(DriverCommandExecutor.java:200)
	at org.openqa.selenium.remote.service.DriverCommandExecutor.execute(DriverCommandExecutor.java:175)
	at org.openqa.selenium.remote.RemoteWebDriver.execute(RemoteWebDriver.java:607)
	at org.openqa.selenium.remote.RemoteWebElement.execute(RemoteWebElement.java:224)
	at org.openqa.selenium.remote.RemoteWebElement.click(RemoteWebElement.java:77)
	at java.base/jdk.internal.reflect.DirectMethodHandleAccessor.invoke(DirectMethodHandleAccessor.java:103)
	at java.base/java.lang.reflect.Method.invoke(Method.java:580)
	at org.openqa.selenium.support.pagefactory.internal.LocatingElementHandler.invoke(LocatingElementHandler.java:51)
	at jdk.proxy2/jdk.proxy2.$Proxy29.click(Unknown Source)
	at pages.TopBar.clickLogin(TopBar.java:68)
	at stepsDefinitions.LoginSteps.user_is_on_login_page(LoginSteps.java:36)
	at java.base/jdk.internal.reflect.DirectMethodHandleAccessor.invoke(DirectMethodHandleAccessor.java:103)
	at java.base/java.lang.reflect.Method.invoke(Method.java:580)
	at io.cucumber.java.Invoker.doInvoke(Invoker.java:66)
	at io.cucumber.java.Invoker.invoke(Invoker.java:24)
	at io.cucumber.java.AbstractGlueDefinition.invokeMethod(AbstractGlueDefinition.java:47)
	at io.cucumber.java.JavaStepDefinition.execute(JavaStepDefinition.java:29)
	at io.cucumber.core.runner.CoreStepDefinition.execute(CoreStepDefinition.java:66)
	at io.cucumber.core.runner.PickleStepDefinitionMatch.runStep(PickleStepDefinitionMatch.java:63)
	at io.cucumber.core.runner.ExecutionMode$1.execute(ExecutionMode.java:10)
	at io.cucumber.core.runner.TestStep.executeStep(TestStep.java:84)
	at io.cucumber.core.runner.TestStep.run(TestStep.java:56)
	at io.cucumber.core.runner.PickleStepTestStep.run(PickleStepTestStep.java:51)
	at io.cucumber.core.runner.TestCase.run(TestCase.java:84)
	at io.cucumber.core.runner.Runner.runPickle(Runner.java:75)
	at io.cucumber.testng.TestNGCucumberRunner.lambda$runScenario$1(TestNGCucumberRunner.java:132)
	at io.cucumber.core.runtime.CucumberExecutionContext.lambda$runTestCase$5(CucumberExecutionContext.java:137)
	at io.cucumber.core.runtime.RethrowingThrowableCollector.executeAndThrow(RethrowingThrowableCollector.java:23)
	at io.cucumber.core.runtime.CucumberExecutionContext.runTestCase(CucumberExecutionContext.java:137)
	at io.cucumber.testng.TestNGCucumberRunner.runScenario(TestNGCucumberRunner.java:129)
	at io.cucumber.testng.AbstractTestNGCucumberTests.runScenario(AbstractTestNGCucumberTests.java:35)
	at java.base/jdk.internal.reflect.DirectMethodHandleAccessor.invoke(DirectMethodHandleAccessor.java:103)
	at java.base/java.lang.reflect.Method.invoke(Method.java:580)
	at org.testng.internal.invokers.MethodInvocationHelper.invokeMethod(MethodInvocationHelper.java:139)
	at org.testng.internal.invokers.TestInvoker.invokeMethod(TestInvoker.java:677)
	at org.testng.internal.invokers.TestInvoker.invokeTestMethod(TestInvoker.java:221)
	at org.testng.internal.invokers.TestMethodWithDataProviderMethodWorker.call(TestMethodWithDataProviderMethodWorker.java:80)
	at org.testng.internal.invokers.TestMethodWithDataProviderMethodWorker.call(TestMethodWithDataProviderMethodWorker.java:17)
	at java.base/java.util.concurrent.FutureTask.run(FutureTask.java:317)
	at java.base/java.util.concurrent.Executors$RunnableAdapter.call(Executors.java:572)
	at java.base/java.util.concurrent.FutureTask.run(FutureTask.java:317)
	at java.base/java.util.concurrent.ThreadPoolExecutor.runWorker(ThreadPoolExecutor.java:1144)
	at java.base/java.util.concurrent.ThreadPoolExecutor$Worker.run(ThreadPoolExecutor.java:642)
	at java.base/java.lang.Thread.run(Thread.java:1583)
</textarea>
      
      </div>
                  </div>
                  <div class="step fail-bg">
                    <span>hooks.Hooks.addScreenshot(io.cucumber.java.Scenario)</span>
      <div>
        <textarea disabled class="code-block">org.openqa.selenium.TimeoutException: java.util.concurrent.TimeoutException
Build info: version: '4.15.0', revision: '1d14b5521b'
System info: os.name: 'Windows 11', os.arch: 'amd64', os.version: '10.0', java.version: '21.0.7'
Driver info: org.openqa.selenium.edge.EdgeDriver
Command: [06937ac52f9bae62f6d7772cb192b286, screenshot {}]
Capabilities {acceptInsecureCerts: false, browserName: MicrosoftEdge, browserVersion: 137.0.3296.83, fedcm:accounts: true, ms:edgeOptions: {debuggerAddress: localhost:57951}, msedge: {msedgedriverVersion: 137.0.3296.83 (24e00e9cccf2..., userDataDir: C:\Users\Ronald\AppData\Loc...}, networkConnectionEnabled: false, pageLoadStrategy: normal, platformName: windows, proxy: Proxy(), se:cdp: ws://localhost:57951/devtoo..., se:cdpVersion: 137.0.3296.83, setWindowRect: true, strictFileInteractability: false, timeouts: {implicit: 0, pageLoad: 300000, script: 30000}, unhandledPromptBehavior: dismiss and notify, webauthn:extension:credBlob: true, webauthn:extension:largeBlob: true, webauthn:extension:minPinLength: true, webauthn:extension:prf: true, webauthn:virtualAuthenticators: true}
Session ID: 06937ac52f9bae62f6d7772cb192b286
	at org.openqa.selenium.remote.http.jdk.JdkHttpClient.execute0(JdkHttpClient.java:410)
	at org.openqa.selenium.remote.http.AddSeleniumUserAgent.lambda$apply$0(AddSeleniumUserAgent.java:42)
	at org.openqa.selenium.remote.http.Filter.lambda$andFinally$1(Filter.java:55)
	at org.openqa.selenium.remote.http.jdk.JdkHttpClient.execute(JdkHttpClient.java:366)
	at org.openqa.selenium.remote.HttpCommandExecutor.execute(HttpCommandExecutor.java:188)
	at org.openqa.selenium.remote.service.DriverCommandExecutor.invokeExecute(DriverCommandExecutor.java:200)
	at org.openqa.selenium.remote.service.DriverCommandExecutor.execute(DriverCommandExecutor.java:175)
	at org.openqa.selenium.remote.RemoteWebDriver.execute(RemoteWebDriver.java:607)
	at org.openqa.selenium.remote.RemoteWebDriver.execute(RemoteWebDriver.java:680)
	at org.openqa.selenium.remote.RemoteWebDriver.execute(RemoteWebDriver.java:684)
	at org.openqa.selenium.remote.RemoteWebDriver.getScreenshotAs(RemoteWebDriver.java:330)
	at hooks.Hooks.addScreenshot(Hooks.java:49)
Caused by: java.util.concurrent.TimeoutException
	at java.base/java.util.concurrent.CompletableFuture.timedGet(CompletableFuture.java:1960)
	at java.base/java.util.concurrent.CompletableFuture.get(CompletableFuture.java:2095)
	at org.openqa.selenium.remote.http.jdk.JdkHttpClient.execute0(JdkHttpClient.java:393)
	at org.openqa.selenium.remote.http.AddSeleniumUserAgent.lambda$apply$0(AddSeleniumUserAgent.java:42)
	at org.openqa.selenium.remote.http.Filter.lambda$andFinally$1(Filter.java:55)
	at org.openqa.selenium.remote.http.jdk.JdkHttpClient.execute(JdkHttpClient.java:366)
	at org.openqa.selenium.remote.HttpCommandExecutor.execute(HttpCommandExecutor.java:188)
	at org.openqa.selenium.remote.service.DriverCommandExecutor.invokeExecute(DriverCommandExecutor.java:200)
	at org.openqa.selenium.remote.service.DriverCommandExecutor.execute(DriverCommandExecutor.java:175)
	at org.openqa.selenium.remote.RemoteWebDriver.execute(RemoteWebDriver.java:607)
	at org.openqa.selenium.remote.RemoteWebDriver.execute(RemoteWebDriver.java:680)
	at org.openqa.selenium.remote.RemoteWebDriver.execute(RemoteWebDriver.java:684)
	at org.openqa.selenium.remote.RemoteWebDriver.getScreenshotAs(RemoteWebDriver.java:330)
	at hooks.Hooks.addScreenshot(Hooks.java:49)
	at java.base/jdk.internal.reflect.DirectMethodHandleAccessor.invoke(DirectMethodHandleAccessor.java:103)
	at java.base/java.lang.reflect.Method.invoke(Method.java:580)
	at io.cucumber.java.Invoker.doInvoke(Invoker.java:66)
	at io.cucumber.java.Invoker.invoke(Invoker.java:24)
	at io.cucumber.java.AbstractGlueDefinition.invokeMethod(AbstractGlueDefinition.java:47)
	at io.cucumber.java.JavaHookDefinition.execute(JavaHookDefinition.java:64)
	at io.cucumber.core.runner.CoreHookDefinition.execute(CoreHookDefinition.java:46)
	at io.cucumber.core.runner.HookDefinitionMatch.runStep(HookDefinitionMatch.java:21)
	at io.cucumber.core.runner.ExecutionMode$1.execute(ExecutionMode.java:10)
	at io.cucumber.core.runner.TestStep.executeStep(TestStep.java:84)
	at io.cucumber.core.runner.TestStep.run(TestStep.java:56)
	at io.cucumber.core.runner.PickleStepTestStep.run(PickleStepTestStep.java:56)
	at io.cucumber.core.runner.TestCase.run(TestCase.java:84)
	at io.cucumber.core.runner.Runner.runPickle(Runner.java:75)
	at io.cucumber.testng.TestNGCucumberRunner.lambda$runScenario$1(TestNGCucumberRunner.java:132)
	at io.cucumber.core.runtime.CucumberExecutionContext.lambda$runTestCase$5(CucumberExecutionContext.java:137)
	at io.cucumber.core.runtime.RethrowingThrowableCollector.executeAndThrow(RethrowingThrowableCollector.java:23)
	at io.cucumber.core.runtime.CucumberExecutionContext.runTestCase(CucumberExecutionContext.java:137)
	at io.cucumber.testng.TestNGCucumberRunner.runScenario(TestNGCucumberRunner.java:129)
	at io.cucumber.testng.AbstractTestNGCucumberTests.runScenario(AbstractTestNGCucumberTests.java:35)
	at java.base/jdk.internal.reflect.DirectMethodHandleAccessor.invoke(DirectMethodHandleAccessor.java:103)
	at java.base/java.lang.reflect.Method.invoke(Method.java:580)
	at org.testng.internal.invokers.MethodInvocationHelper.invokeMethod(MethodInvocationHelper.java:139)
	at org.testng.internal.invokers.TestInvoker.invokeMethod(TestInvoker.java:677)
	at org.testng.internal.invokers.TestInvoker.invokeTestMethod(TestInvoker.java:221)
	at org.testng.internal.invokers.TestMethodWithDataProviderMethodWorker.call(TestMethodWithDataProviderMethodWorker.java:80)
	at org.testng.internal.invokers.TestMethodWithDataProviderMethodWorker.call(TestMethodWithDataProviderMethodWorker.java:17)
	at java.base/java.util.concurrent.FutureTask.run(FutureTask.java:317)
	at java.base/java.util.concurrent.Executors$RunnableAdapter.call(Executors.java:572)
	at java.base/java.util.concurrent.FutureTask.run(FutureTask.java:317)
	at java.base/java.util.concurrent.ThreadPoolExecutor.runWorker(ThreadPoolExecutor.java:1144)
	at java.base/java.util.concurrent.ThreadPoolExecutor$Worker.run(ThreadPoolExecutor.java:642)
	at java.base/java.lang.Thread.run(Thread.java:1583)
</textarea>
      
      </div>
                  </div>
                  <div class="step skip-bg">
                    <span>When user enters "testrtqa@gmail.com" and ""</span>
      <div>Step skipped
      </div>
                  </div>
                  <div class="step skip-bg">
                    <span>And user clicks "Login" button</span>
      <div>Step skipped
      </div>
                  </div>
                  <div class="step skip-bg">
                    <span>Then user is redirected accordingly "invalid"</span>
      <div>Step skipped
      </div>
                  </div>
              </div>
            </div>
            <div class="card-body l1">
              <div class="card-header">
                <div class="card-title outline-child">
                  <div class="node" id="15"><span class="badge log pass-bg mr-2">Pass</span>Verify login</div>
                </div>
              </div>
              <div class="card-body mt-3 collapse">
                  <div class="step pass-bg">
                    <span>Given user is on login page</span>
      <div>
      </div>
                  </div>
                  <div class="step pass-bg">
                    <span>When user enters "" and "testrttestrt"</span>
      <div>
      </div>
                  </div>
                  <div class="step pass-bg">
                    <span>And user clicks "Login" button</span>
      <div>
      </div>
                  </div>
                  <div class="step pass-bg">
                    <span>Then user is redirected accordingly "invalid"</span>
      <div>
      </div>
                  </div>
              </div>
            </div>
            <div class="card-body l1">
              <div class="card-header">
                <div class="card-title outline-child">
                  <div class="node" id="168"><span class="badge log pass-bg mr-2">Pass</span>Verify Brands displays correct page</div>
                </div>
              </div>
              <div class="card-body mt-3 collapse">
                  <div class="step pass-bg">
                    <span>Given the user is logged in</span>
      <div>
      </div>
                  </div>
                  <div class="step pass-bg">
                    <span>And user navigates to "Products" page</span>
      <div>
      </div>
                  </div>
                  <div class="step pass-bg">
                    <span>When user clicks "Allen Solly Junior"</span>
      <div>
      </div>
                  </div>
                  <div class="step pass-bg">
                    <span>Then only products under "Allen Solly Junior" should be displayed</span>
      <div>
      </div>
                  </div>
                  <div class="step pass-bg">
                    <span>Then user should see products displayed</span>
      <div>
      </div>
                  </div>
              </div>
            </div>
        </div>
  </div>
</div>
          </div>
        </li>
        <li class="test-item"  status="pass" test-id="58"
          author=""
          tag=""
          device="">
          <div class="test-detail">
            <p class="name">Products page functionality</p>
            <p class="text-sm">
              <span>2:56:22 PM</span> / <span>00:01:16:236</span>
              <span class="badge pass-bg log float-right">Pass</span>
            </p>
          </div>
          <div class="test-contents d-none">
<div class="detail-head">
<div class="p-v-10">
<div class="info">
<h5 class="test-status text-pass">Products page functionality</h5>
<span class='badge badge-success'>06.18.2025 2:56:22 PM</span>
<span class='badge badge-danger'>06.18.2025 2:57:38 PM</span>
<span class='badge badge-default'>00:01:16:236</span>
&middot; <span class='uri-anchor badge badge-default'>#test-id=58</span>
<span class='badge badge-default pointer float-right ml-1 et'><i class="fa fa-chevron-down"></i></span>
<span class='badge badge-default pointer float-right ct'><i class="fa fa-chevron-up"></i></span>
</div>
<div class="m-t-10 m-l-5"></div>
</div>
</div>
<div class="accordion mt-4">
  <div class="card">
    <div class="card-header" role="tab">
      <div class="card-title">
        <div class="node" id="59"><span class="badge log pass-bg mr-2">Pass</span>Verify all images are displayed</div>
      </div>
    </div>
        <div class="collapse">
          <div class="card-body">
              <div class="step pass-bg" title="stepsDefinitions.ProductsSteps.the_user_is_logged_in()">
                <span>Given the user is logged in</span>
      <div>
      </div>
              </div>
              <div class="step pass-bg" title="stepsDefinitions.ProductsSteps.user_navigates_to_page(java.lang.String)">
                <span>And user navigates to "Products" page</span>
      <div>
      </div>
              </div>
              <div class="step pass-bg" title="stepsDefinitions.ProductsSteps.user_is_on_products_page()">
                <span>When user is on Products page</span>
      <div>
      </div>
              </div>
              <div class="step pass-bg" title="stepsDefinitions.ProductsSteps.user_should_see_product_images_displayed(java.lang.Integer)">
                <span>Then user should see 34 product images displayed</span>
      <div>
      </div>
              </div>
          </div>
        </div>
  </div>
  <div class="card">
    <div class="card-header" role="tab">
      <div class="card-title">
        <div class="node" id="61"><span class="badge log pass-bg mr-2">Pass</span>Verify Search Product Functionality</div>
      </div>
    </div>
        <div class="collapse">
          <div class="card-body">
              <div class="step pass-bg" title="stepsDefinitions.ProductsSteps.the_user_is_logged_in()">
                <span>Given the user is logged in</span>
      <div>
      </div>
              </div>
              <div class="step pass-bg" title="stepsDefinitions.ProductsSteps.user_navigates_to_page(java.lang.String)">
                <span>And user navigates to "Products" page</span>
      <div>
      </div>
              </div>
              <div class="step pass-bg" title="stepsDefinitions.ProductsSteps.user_enters_in_search_field(java.lang.String)">
                <span>When user enters "Tshirt" in search field</span>
      <div>
      </div>
              </div>
              <div class="step pass-bg" title="stepsDefinitions.ProductsSteps.clicks_search_button()">
                <span>And clicks search button</span>
      <div>
      </div>
              </div>
              <div class="step pass-bg" title="stepsDefinitions.ProductsSteps.products_related_to_tshirt_should_be_displayed()">
                <span>Then products related to Tshirt should be displayed</span>
      <div>
      </div>
              </div>
          </div>
        </div>
  </div>
  <div class="card">
    <div class="card-header" role="tab">
      <div class="card-title">
        <div class="node" id="63"><span class="badge log pass-bg mr-2">Pass</span>Verify subcategory filter displays correct products</div>
      </div>
    </div>
        <div class="scenario_outline collapse">
            <div class="card-body l1">
              <div class="card-header">
                <div class="card-title outline-child">
                  <div class="node" id="64"><span class="badge log pass-bg mr-2">Pass</span>Verify subcategory filter displays correct products</div>
                </div>
              </div>
              <div class="card-body mt-3 collapse">
                  <div class="step pass-bg">
                    <span>Given the user is logged in</span>
      <div>
      </div>
                  </div>
                  <div class="step pass-bg">
                    <span>And user navigates to "Products" page</span>
      <div>
      </div>
                  </div>
                  <div class="step pass-bg">
                    <span>When user selects subcategory "Women" and "Tops"</span>
      <div>
      </div>
                  </div>
                  <div class="step pass-bg">
                    <span>Then only products under "Tops" subcategory should be displayed</span>
      <div>
      </div>
                  </div>
              </div>
            </div>
            <div class="card-body l1">
              <div class="card-header">
                <div class="card-title outline-child">
                  <div class="node" id="98"><span class="badge log pass-bg mr-2">Pass</span>Verify subcategory filter displays correct products</div>
                </div>
              </div>
              <div class="card-body mt-3 collapse">
                  <div class="step pass-bg">
                    <span>Given the user is logged in</span>
      <div>
      </div>
                  </div>
                  <div class="step pass-bg">
                    <span>And user navigates to "Products" page</span>
      <div>
      </div>
                  </div>
                  <div class="step pass-bg">
                    <span>When user selects subcategory "Kids" and "Tops & Shirts"</span>
      <div>
      </div>
                  </div>
                  <div class="step pass-bg">
                    <span>Then only products under "Tops & Shirts" subcategory should be displayed</span>
      <div>
      </div>
                  </div>
              </div>
            </div>
            <div class="card-body l1">
              <div class="card-header">
                <div class="card-title outline-child">
                  <div class="node" id="119"><span class="badge log pass-bg mr-2">Pass</span>Verify Brands displays correct page</div>
                </div>
              </div>
              <div class="card-body mt-3 collapse">
                  <div class="step pass-bg">
                    <span>Given the user is logged in</span>
      <div>
      </div>
                  </div>
                  <div class="step pass-bg">
                    <span>And user navigates to "Products" page</span>
      <div>
      </div>
                  </div>
                  <div class="step pass-bg">
                    <span>When user clicks "H&M"</span>
      <div>
      </div>
                  </div>
                  <div class="step pass-bg">
                    <span>Then only products under "H&M" should be displayed</span>
      <div>
      </div>
                  </div>
                  <div class="step pass-bg">
                    <span>Then user should see products displayed</span>
      <div>
      </div>
                  </div>
              </div>
            </div>
            <div class="card-body l1">
              <div class="card-header">
                <div class="card-title outline-child">
                  <div class="node" id="170"><span class="badge log pass-bg mr-2">Pass</span>Verify Brands displays correct page</div>
                </div>
              </div>
              <div class="card-body mt-3 collapse">
                  <div class="step pass-bg">
                    <span>Given the user is logged in</span>
      <div>
      </div>
                  </div>
                  <div class="step pass-bg">
                    <span>And user navigates to "Products" page</span>
      <div>
      </div>
                  </div>
                  <div class="step pass-bg">
                    <span>When user clicks "Kookie Kids"</span>
      <div>
      </div>
                  </div>
                  <div class="step pass-bg">
                    <span>Then only products under "Kookie Kids" should be displayed</span>
      <div>
      </div>
                  </div>
                  <div class="step pass-bg">
                    <span>Then user should see products displayed</span>
      <div>
      </div>
                  </div>
              </div>
            </div>
        </div>
  </div>
  <div class="card">
    <div class="card-header" role="tab">
      <div class="card-title">
        <div class="node" id="111"><span class="badge log pass-bg mr-2">Pass</span>Verify Brands displays correct page</div>
      </div>
    </div>
        <div class="scenario_outline collapse">
            <div class="card-body l1">
              <div class="card-header">
                <div class="card-title outline-child">
                  <div class="node" id="112"><span class="badge log pass-bg mr-2">Pass</span>Verify Brands displays correct page</div>
                </div>
              </div>
              <div class="card-body mt-3 collapse">
                  <div class="step pass-bg">
                    <span>Given the user is logged in</span>
      <div>
      </div>
                  </div>
                  <div class="step pass-bg">
                    <span>And user navigates to "Products" page</span>
      <div>
      </div>
                  </div>
                  <div class="step pass-bg">
                    <span>When user clicks "Polo"</span>
      <div>
      </div>
                  </div>
                  <div class="step pass-bg">
                    <span>Then only products under "Polo" should be displayed</span>
      <div>
      </div>
                  </div>
                  <div class="step pass-bg">
                    <span>Then user should see products displayed</span>
      <div>
      </div>
                  </div>
              </div>
            </div>
            <div class="card-body l1">
              <div class="card-header">
                <div class="card-title outline-child">
                  <div class="node" id="187"><span class="badge log pass-bg mr-2">Pass</span>Verify Brands displays correct page</div>
                </div>
              </div>
              <div class="card-body mt-3 collapse">
                  <div class="step pass-bg">
                    <span>Given the user is logged in</span>
      <div>
      </div>
                  </div>
                  <div class="step pass-bg">
                    <span>And user navigates to "Products" page</span>
      <div>
      </div>
                  </div>
                  <div class="step pass-bg">
                    <span>When user clicks "Biba"</span>
      <div>
      </div>
                  </div>
                  <div class="step pass-bg">
                    <span>Then only products under "Biba" should be displayed</span>
      <div>
      </div>
                  </div>
                  <div class="step pass-bg">
                    <span>Then user should see products displayed</span>
      <div>
      </div>
                  </div>
              </div>
            </div>
        </div>
  </div>
</div>
          </div>
        </li>
        <li class="test-item"  status="fail" test-id="193"
          author=""
          tag=""
          device="">
          <div class="test-detail">
            <p class="name">Purchase Product</p>
            <p class="text-sm">
              <span>2:57:10 PM</span> / <span>00:06:33:841</span>
              <span class="badge fail-bg log float-right">Fail</span>
            </p>
          </div>
          <div class="test-contents d-none">
<div class="detail-head">
<div class="p-v-10">
<div class="info">
<h5 class="test-status text-fail">Purchase Product</h5>
<span class='badge badge-success'>06.18.2025 2:57:10 PM</span>
<span class='badge badge-danger'>06.18.2025 3:03:44 PM</span>
<span class='badge badge-default'>00:06:33:841</span>
&middot; <span class='uri-anchor badge badge-default'>#test-id=193</span>
<span class='badge badge-default pointer float-right ml-1 et'><i class="fa fa-chevron-down"></i></span>
<span class='badge badge-default pointer float-right ct'><i class="fa fa-chevron-up"></i></span>
</div>
<div class="m-t-10 m-l-5"></div>
</div>
</div>
<div class="accordion mt-4">
  <div class="card">
    <div class="card-header" role="tab">
      <div class="card-title">
        <div class="node" id="194"><span class="badge log fail-bg mr-2">Fail</span>Successful purchase of a product</div>
      </div>
    </div>
        <div class="">
          <div class="card-body">
              <div class="step fail-bg" title="stepsDefinitions.ProductsSteps.the_user_is_logged_in()">
                <span>Given the user is logged in</span>
      <div>
        <textarea disabled class="code-block">org.openqa.selenium.TimeoutException: java.util.concurrent.TimeoutException
Build info: version: '4.15.0', revision: '1d14b5521b'
System info: os.name: 'Windows 11', os.arch: 'amd64', os.version: '10.0', java.version: '21.0.7'
Driver info: org.openqa.selenium.edge.EdgeDriver
Command: [163728e452a6f27093e27f0f3ebfcb39, clickElement {id=f.BBEFB6652CF9292E83E2A0E8F0D7686C.d.E820A7842FC53083FFDCDE9F5F901796.e.24}]
Capabilities {acceptInsecureCerts: false, browserName: MicrosoftEdge, browserVersion: 137.0.3296.83, fedcm:accounts: true, ms:edgeOptions: {debuggerAddress: localhost:58932}, msedge: {msedgedriverVersion: 137.0.3296.83 (24e00e9cccf2..., userDataDir: C:\Users\Ronald\AppData\Loc...}, networkConnectionEnabled: false, pageLoadStrategy: normal, platformName: windows, proxy: Proxy(), se:cdp: ws://localhost:58932/devtoo..., se:cdpVersion: 137.0.3296.83, setWindowRect: true, strictFileInteractability: false, timeouts: {implicit: 0, pageLoad: 300000, script: 30000}, unhandledPromptBehavior: dismiss and notify, webauthn:extension:credBlob: true, webauthn:extension:largeBlob: true, webauthn:extension:minPinLength: true, webauthn:extension:prf: true, webauthn:virtualAuthenticators: true}
Element: [[EdgeDriver: MicrosoftEdge on windows (163728e452a6f27093e27f0f3ebfcb39)] -> xpath: //a[contains(normalize-space(text()),'Signup / Login')]]
Session ID: 163728e452a6f27093e27f0f3ebfcb39
	at org.openqa.selenium.remote.http.jdk.JdkHttpClient.execute0(JdkHttpClient.java:410)
	at org.openqa.selenium.remote.http.AddSeleniumUserAgent.lambda$apply$0(AddSeleniumUserAgent.java:42)
	at org.openqa.selenium.remote.http.Filter.lambda$andFinally$1(Filter.java:55)
	at org.openqa.selenium.remote.http.jdk.JdkHttpClient.execute(JdkHttpClient.java:366)
	at org.openqa.selenium.remote.HttpCommandExecutor.execute(HttpCommandExecutor.java:188)
	at org.openqa.selenium.remote.service.DriverCommandExecutor.invokeExecute(DriverCommandExecutor.java:200)
	at org.openqa.selenium.remote.service.DriverCommandExecutor.execute(DriverCommandExecutor.java:175)
	at org.openqa.selenium.remote.RemoteWebDriver.execute(RemoteWebDriver.java:607)
	at org.openqa.selenium.remote.RemoteWebElement.execute(RemoteWebElement.java:224)
	at org.openqa.selenium.remote.RemoteWebElement.click(RemoteWebElement.java:77)
	at pages.TopBar.clickTopBarItem(TopBar.java:63)
	at stepsDefinitions.ProductsSteps.the_user_is_logged_in(ProductsSteps.java:41)
	at ✽.the user is logged in(file:///C:/Automation/myworkspace/seleniumwebdriver/MyCucumberProject/./Features/PurchaseProduct.feature:4)
Caused by: java.util.concurrent.TimeoutException
	at java.base/java.util.concurrent.CompletableFuture.timedGet(CompletableFuture.java:1960)
	at java.base/java.util.concurrent.CompletableFuture.get(CompletableFuture.java:2095)
	at org.openqa.selenium.remote.http.jdk.JdkHttpClient.execute0(JdkHttpClient.java:393)
	at org.openqa.selenium.remote.http.AddSeleniumUserAgent.lambda$apply$0(AddSeleniumUserAgent.java:42)
	at org.openqa.selenium.remote.http.Filter.lambda$andFinally$1(Filter.java:55)
	at org.openqa.selenium.remote.http.jdk.JdkHttpClient.execute(JdkHttpClient.java:366)
	at org.openqa.selenium.remote.HttpCommandExecutor.execute(HttpCommandExecutor.java:188)
	at org.openqa.selenium.remote.service.DriverCommandExecutor.invokeExecute(DriverCommandExecutor.java:200)
	at org.openqa.selenium.remote.service.DriverCommandExecutor.execute(DriverCommandExecutor.java:175)
	at org.openqa.selenium.remote.RemoteWebDriver.execute(RemoteWebDriver.java:607)
	at org.openqa.selenium.remote.RemoteWebElement.execute(RemoteWebElement.java:224)
	at org.openqa.selenium.remote.RemoteWebElement.click(RemoteWebElement.java:77)
	at pages.TopBar.clickTopBarItem(TopBar.java:63)
	at stepsDefinitions.ProductsSteps.the_user_is_logged_in(ProductsSteps.java:41)
	at java.base/jdk.internal.reflect.DirectMethodHandleAccessor.invoke(DirectMethodHandleAccessor.java:103)
	at java.base/java.lang.reflect.Method.invoke(Method.java:580)
	at io.cucumber.java.Invoker.doInvoke(Invoker.java:66)
	at io.cucumber.java.Invoker.invoke(Invoker.java:24)
	at io.cucumber.java.AbstractGlueDefinition.invokeMethod(AbstractGlueDefinition.java:47)
	at io.cucumber.java.JavaStepDefinition.execute(JavaStepDefinition.java:29)
	at io.cucumber.core.runner.CoreStepDefinition.execute(CoreStepDefinition.java:66)
	at io.cucumber.core.runner.PickleStepDefinitionMatch.runStep(PickleStepDefinitionMatch.java:63)
	at io.cucumber.core.runner.ExecutionMode$1.execute(ExecutionMode.java:10)
	at io.cucumber.core.runner.TestStep.executeStep(TestStep.java:84)
	at io.cucumber.core.runner.TestStep.run(TestStep.java:56)
	at io.cucumber.core.runner.PickleStepTestStep.run(PickleStepTestStep.java:51)
	at io.cucumber.core.runner.TestCase.run(TestCase.java:84)
	at io.cucumber.core.runner.Runner.runPickle(Runner.java:75)
	at io.cucumber.testng.TestNGCucumberRunner.lambda$runScenario$1(TestNGCucumberRunner.java:132)
	at io.cucumber.core.runtime.CucumberExecutionContext.lambda$runTestCase$5(CucumberExecutionContext.java:137)
	at io.cucumber.core.runtime.RethrowingThrowableCollector.executeAndThrow(RethrowingThrowableCollector.java:23)
	at io.cucumber.core.runtime.CucumberExecutionContext.runTestCase(CucumberExecutionContext.java:137)
	at io.cucumber.testng.TestNGCucumberRunner.runScenario(TestNGCucumberRunner.java:129)
	at io.cucumber.testng.AbstractTestNGCucumberTests.runScenario(AbstractTestNGCucumberTests.java:35)
	at java.base/jdk.internal.reflect.DirectMethodHandleAccessor.invoke(DirectMethodHandleAccessor.java:103)
	at java.base/java.lang.reflect.Method.invoke(Method.java:580)
	at org.testng.internal.invokers.MethodInvocationHelper.invokeMethod(MethodInvocationHelper.java:139)
	at org.testng.internal.invokers.TestInvoker.invokeMethod(TestInvoker.java:677)
	at org.testng.internal.invokers.TestInvoker.invokeTestMethod(TestInvoker.java:221)
	at org.testng.internal.invokers.TestMethodWithDataProviderMethodWorker.call(TestMethodWithDataProviderMethodWorker.java:80)
	at org.testng.internal.invokers.TestMethodWithDataProviderMethodWorker.call(TestMethodWithDataProviderMethodWorker.java:17)
	at java.base/java.util.concurrent.FutureTask.run(FutureTask.java:317)
	at java.base/java.util.concurrent.Executors$RunnableAdapter.call(Executors.java:572)
	at java.base/java.util.concurrent.FutureTask.run(FutureTask.java:317)
	at java.base/java.util.concurrent.ThreadPoolExecutor.runWorker(ThreadPoolExecutor.java:1144)
	at java.base/java.util.concurrent.ThreadPoolExecutor$Worker.run(ThreadPoolExecutor.java:642)
	at java.base/java.lang.Thread.run(Thread.java:1583)
</textarea>
      
      </div>
              </div>
              <div class="step fail-bg" title="AFTER_STEP">
                <span>hooks.Hooks.addScreenshot(io.cucumber.java.Scenario)</span>
      <div>
        <textarea disabled class="code-block">org.openqa.selenium.TimeoutException: java.util.concurrent.TimeoutException
Build info: version: '4.15.0', revision: '1d14b5521b'
System info: os.name: 'Windows 11', os.arch: 'amd64', os.version: '10.0', java.version: '21.0.7'
Driver info: org.openqa.selenium.edge.EdgeDriver
Command: [163728e452a6f27093e27f0f3ebfcb39, screenshot {}]
Capabilities {acceptInsecureCerts: false, browserName: MicrosoftEdge, browserVersion: 137.0.3296.83, fedcm:accounts: true, ms:edgeOptions: {debuggerAddress: localhost:58932}, msedge: {msedgedriverVersion: 137.0.3296.83 (24e00e9cccf2..., userDataDir: C:\Users\Ronald\AppData\Loc...}, networkConnectionEnabled: false, pageLoadStrategy: normal, platformName: windows, proxy: Proxy(), se:cdp: ws://localhost:58932/devtoo..., se:cdpVersion: 137.0.3296.83, setWindowRect: true, strictFileInteractability: false, timeouts: {implicit: 0, pageLoad: 300000, script: 30000}, unhandledPromptBehavior: dismiss and notify, webauthn:extension:credBlob: true, webauthn:extension:largeBlob: true, webauthn:extension:minPinLength: true, webauthn:extension:prf: true, webauthn:virtualAuthenticators: true}
Session ID: 163728e452a6f27093e27f0f3ebfcb39
	at org.openqa.selenium.remote.http.jdk.JdkHttpClient.execute0(JdkHttpClient.java:410)
	at org.openqa.selenium.remote.http.AddSeleniumUserAgent.lambda$apply$0(AddSeleniumUserAgent.java:42)
	at org.openqa.selenium.remote.http.Filter.lambda$andFinally$1(Filter.java:55)
	at org.openqa.selenium.remote.http.jdk.JdkHttpClient.execute(JdkHttpClient.java:366)
	at org.openqa.selenium.remote.HttpCommandExecutor.execute(HttpCommandExecutor.java:188)
	at org.openqa.selenium.remote.service.DriverCommandExecutor.invokeExecute(DriverCommandExecutor.java:200)
	at org.openqa.selenium.remote.service.DriverCommandExecutor.execute(DriverCommandExecutor.java:175)
	at org.openqa.selenium.remote.RemoteWebDriver.execute(RemoteWebDriver.java:607)
	at org.openqa.selenium.remote.RemoteWebDriver.execute(RemoteWebDriver.java:680)
	at org.openqa.selenium.remote.RemoteWebDriver.execute(RemoteWebDriver.java:684)
	at org.openqa.selenium.remote.RemoteWebDriver.getScreenshotAs(RemoteWebDriver.java:330)
	at hooks.Hooks.addScreenshot(Hooks.java:49)
Caused by: java.util.concurrent.TimeoutException
	at java.base/java.util.concurrent.CompletableFuture.timedGet(CompletableFuture.java:1960)
	at java.base/java.util.concurrent.CompletableFuture.get(CompletableFuture.java:2095)
	at org.openqa.selenium.remote.http.jdk.JdkHttpClient.execute0(JdkHttpClient.java:393)
	at org.openqa.selenium.remote.http.AddSeleniumUserAgent.lambda$apply$0(AddSeleniumUserAgent.java:42)
	at org.openqa.selenium.remote.http.Filter.lambda$andFinally$1(Filter.java:55)
	at org.openqa.selenium.remote.http.jdk.JdkHttpClient.execute(JdkHttpClient.java:366)
	at org.openqa.selenium.remote.HttpCommandExecutor.execute(HttpCommandExecutor.java:188)
	at org.openqa.selenium.remote.service.DriverCommandExecutor.invokeExecute(DriverCommandExecutor.java:200)
	at org.openqa.selenium.remote.service.DriverCommandExecutor.execute(DriverCommandExecutor.java:175)
	at org.openqa.selenium.remote.RemoteWebDriver.execute(RemoteWebDriver.java:607)
	at org.openqa.selenium.remote.RemoteWebDriver.execute(RemoteWebDriver.java:680)
	at org.openqa.selenium.remote.RemoteWebDriver.execute(RemoteWebDriver.java:684)
	at org.openqa.selenium.remote.RemoteWebDriver.getScreenshotAs(RemoteWebDriver.java:330)
	at hooks.Hooks.addScreenshot(Hooks.java:49)
	at java.base/jdk.internal.reflect.DirectMethodHandleAccessor.invoke(DirectMethodHandleAccessor.java:103)
	at java.base/java.lang.reflect.Method.invoke(Method.java:580)
	at io.cucumber.java.Invoker.doInvoke(Invoker.java:66)
	at io.cucumber.java.Invoker.invoke(Invoker.java:24)
	at io.cucumber.java.AbstractGlueDefinition.invokeMethod(AbstractGlueDefinition.java:47)
	at io.cucumber.java.JavaHookDefinition.execute(JavaHookDefinition.java:64)
	at io.cucumber.core.runner.CoreHookDefinition.execute(CoreHookDefinition.java:46)
	at io.cucumber.core.runner.HookDefinitionMatch.runStep(HookDefinitionMatch.java:21)
	at io.cucumber.core.runner.ExecutionMode$1.execute(ExecutionMode.java:10)
	at io.cucumber.core.runner.TestStep.executeStep(TestStep.java:84)
	at io.cucumber.core.runner.TestStep.run(TestStep.java:56)
	at io.cucumber.core.runner.PickleStepTestStep.run(PickleStepTestStep.java:56)
	at io.cucumber.core.runner.TestCase.run(TestCase.java:84)
	at io.cucumber.core.runner.Runner.runPickle(Runner.java:75)
	at io.cucumber.testng.TestNGCucumberRunner.lambda$runScenario$1(TestNGCucumberRunner.java:132)
	at io.cucumber.core.runtime.CucumberExecutionContext.lambda$runTestCase$5(CucumberExecutionContext.java:137)
	at io.cucumber.core.runtime.RethrowingThrowableCollector.executeAndThrow(RethrowingThrowableCollector.java:23)
	at io.cucumber.core.runtime.CucumberExecutionContext.runTestCase(CucumberExecutionContext.java:137)
	at io.cucumber.testng.TestNGCucumberRunner.runScenario(TestNGCucumberRunner.java:129)
	at io.cucumber.testng.AbstractTestNGCucumberTests.runScenario(AbstractTestNGCucumberTests.java:35)
	at java.base/jdk.internal.reflect.DirectMethodHandleAccessor.invoke(DirectMethodHandleAccessor.java:103)
	at java.base/java.lang.reflect.Method.invoke(Method.java:580)
	at org.testng.internal.invokers.MethodInvocationHelper.invokeMethod(MethodInvocationHelper.java:139)
	at org.testng.internal.invokers.TestInvoker.invokeMethod(TestInvoker.java:677)
	at org.testng.internal.invokers.TestInvoker.invokeTestMethod(TestInvoker.java:221)
	at org.testng.internal.invokers.TestMethodWithDataProviderMethodWorker.call(TestMethodWithDataProviderMethodWorker.java:80)
	at org.testng.internal.invokers.TestMethodWithDataProviderMethodWorker.call(TestMethodWithDataProviderMethodWorker.java:17)
	at java.base/java.util.concurrent.FutureTask.run(FutureTask.java:317)
	at java.base/java.util.concurrent.Executors$RunnableAdapter.call(Executors.java:572)
	at java.base/java.util.concurrent.FutureTask.run(FutureTask.java:317)
	at java.base/java.util.concurrent.ThreadPoolExecutor.runWorker(ThreadPoolExecutor.java:1144)
	at java.base/java.util.concurrent.ThreadPoolExecutor$Worker.run(ThreadPoolExecutor.java:642)
	at java.base/java.lang.Thread.run(Thread.java:1583)
</textarea>
      
      </div>
              </div>
              <div class="step skip-bg" title="stepsDefinitions.ProductsSteps.user_navigates_to_page(java.lang.String)">
                <span>And user navigates to "Products" page</span>
      <div>Step skipped
      </div>
              </div>
              <div class="step skip-bg" title="stepsDefinitions.PurchaseProductSteps.user_clicks_on_any_product(java.lang.String)">
                <span>When user clicks "Add to cart" on any product</span>
      <div>Step skipped
      </div>
              </div>
              <div class="step skip-bg" title="stepsDefinitions.PurchaseProductSteps.user_should_see_message_box(java.lang.String)">
                <span>Then user should see "Added!" message box</span>
      <div>Step skipped
      </div>
              </div>
              <div class="step skip-bg" title="stepsDefinitions.LoginSteps.user_clicks_button(java.lang.String)">
                <span>And user clicks "Continue Shopping" button</span>
      <div>Step skipped
      </div>
              </div>
              <div class="step skip-bg" title="stepsDefinitions.ProductsSteps.user_navigates_to_page(java.lang.String)">
                <span>And user navigates to "Cart" page</span>
      <div>Step skipped
      </div>
              </div>
              <div class="step skip-bg" title="stepsDefinitions.PurchaseProductSteps.user_should_see_products_added_in_cart()">
                <span>Then user should see products added in cart</span>
      <div>Step skipped
      </div>
              </div>
              <div class="step skip-bg" title="stepsDefinitions.PurchaseProductSteps.user_clicks_button(java.lang.String)">
                <span>When user clicks "Proceed To Checkout" link button</span>
      <div>Step skipped
      </div>
              </div>
              <div class="step skip-bg" title="stepsDefinitions.PurchaseProductSteps.user_should_be_redirected_to_page(java.lang.String)">
                <span>Then user should be redirected to "checkout" page</span>
      <div>Step skipped
      </div>
              </div>
              <div class="step skip-bg" title="stepsDefinitions.PurchaseProductSteps.user_clicks_button(java.lang.String)">
                <span>When user clicks "Place Order" link button</span>
      <div>Step skipped
      </div>
              </div>
              <div class="step skip-bg" title="stepsDefinitions.PurchaseProductSteps.user_should_be_redirected_to_page(java.lang.String)">
                <span>Then user should be redirected to "payment" page</span>
      <div>Step skipped
      </div>
              </div>
              <div class="step skip-bg" title="stepsDefinitions.PurchaseProductSteps.user_enters_details_for_name_on_card_card_number_cvc_expiration_month_expiration_year()">
                <span>When user enters details for Name on Card, Card Number, CVC, Expiration Month, Expiration Year</span>
      <div>Step skipped
      </div>
              </div>
              <div class="step skip-bg" title="stepsDefinitions.PurchaseProductSteps.user_clicks_submit_button(java.lang.String)">
                <span>And user clicks "Pay and Confirm Order" submit button</span>
      <div>Step skipped
      </div>
              </div>
              <div class="step skip-bg" title="stepsDefinitions.PurchaseProductSteps.user_should_see_message(java.lang.String)">
                <span>Then user should see "Order Placed!" message</span>
      <div>Step skipped
      </div>
              </div>
          </div>
        </div>
  </div>
</div>
          </div>
        </li>
        <li class="test-item"  status="pass" test-id="221"
          author=""
          tag=""
          device="">
          <div class="test-detail">
            <p class="name">User registration</p>
            <p class="text-sm">
              <span>2:57:18 PM</span> / <span>00:00:26:610</span>
              <span class="badge pass-bg log float-right">Pass</span>
            </p>
          </div>
          <div class="test-contents d-none">
<div class="detail-head">
<div class="p-v-10">
<div class="info">
<h5 class="test-status text-pass">User registration</h5>
<span class='badge badge-success'>06.18.2025 2:57:18 PM</span>
<span class='badge badge-danger'>06.18.2025 2:57:45 PM</span>
<span class='badge badge-default'>00:00:26:610</span>
&middot; <span class='uri-anchor badge badge-default'>#test-id=221</span>
<span class='badge badge-default pointer float-right ml-1 et'><i class="fa fa-chevron-down"></i></span>
<span class='badge badge-default pointer float-right ct'><i class="fa fa-chevron-up"></i></span>
</div>
<div class="m-t-10 m-l-5"> As a user
I want to register an account
So that I can place orders on the website</div>
</div>
</div>
<div class="accordion mt-4">
  <div class="card">
    <div class="card-header" role="tab">
      <div class="card-title">
        <div class="node" id="222"><span class="badge log pass-bg mr-2">Pass</span>Successful user registration</div>
      </div>
    </div>
        <div class="collapse">
          <div class="card-body">
              <div class="step pass-bg" title="stepsDefinitions.RegistrationSteps.the_user_navigates_to_signup_page()">
                <span>Given the user is on the registration page</span>
      <div>
      </div>
              </div>
              <div class="step pass-bg" title="stepsDefinitions.RegistrationSteps.user_enter_name_and_email_address()">
                <span>When user Enter name and email address</span>
      <div>
      </div>
              </div>
              <div class="step pass-bg" title="stepsDefinitions.RegistrationSteps.click_button(java.lang.String)">
                <span>And click "Signup" button</span>
      <div>
      </div>
              </div>
              <div class="step pass-bg" title="stepsDefinitions.RegistrationSteps.user_should_redirected_to_signup_page()">
                <span>Then user should redirected to signup page</span>
      <div>
      </div>
              </div>
              <div class="step pass-bg" title="stepsDefinitions.RegistrationSteps.user_enter_details_for_title_name_email_password_date_of_birth()">
                <span>When user enter details for Title, Name, Email, Password, Date of birth</span>
      <div>
      </div>
              </div>
              <div class="step pass-bg" title="stepsDefinitions.RegistrationSteps.user_select_checkbox_sign_up_for_our_newsletter()">
                <span>And user select checkbox Sign up for our newsletter!</span>
      <div>
      </div>
              </div>
              <div class="step pass-bg" title="stepsDefinitions.RegistrationSteps.user_select_checkbox_receive_special_offers_from_our_partners()">
                <span>And user select checkbox Receive special offers from our partners!</span>
      <div>
      </div>
              </div>
              <div class="step pass-bg" title="stepsDefinitions.RegistrationSteps.user_fill_details_first_name_last_name_company_address_address2_country_state_city_zipcode_mobile_number()">
                <span>And user fill details: First name, Last name, Company, Address, Address2, Country, State, City, Zipcode, Mobile Number</span>
      <div>
      </div>
              </div>
              <div class="step pass-bg" title="stepsDefinitions.RegistrationSteps.user_click(java.lang.String)">
                <span>And user click on "Create Account" button</span>
      <div>
      </div>
              </div>
              <div class="step pass-bg" title="stepsDefinitions.RegistrationSteps.user_should_see_message(java.lang.String)">
                <span>Then user should see  "ACCOUNT CREATED!" message</span>
      <div>
      </div>
              </div>
              <div class="step pass-bg" title="stepsDefinitions.RegistrationSteps.user_click_button(java.lang.String)">
                <span>When user click "Continue" button</span>
      <div>
      </div>
              </div>
              <div class="step pass-bg" title="stepsDefinitions.RegistrationSteps.user_should_see_user(java.lang.String)">
                <span>Then user should see  "Logged in as" user</span>
      <div>
      </div>
              </div>
          </div>
        </div>
  </div>
  <div class="card">
    <div class="card-header" role="tab">
      <div class="card-title">
        <div class="node" id="224"><span class="badge log pass-bg mr-2">Pass</span>Register user with existing email</div>
      </div>
    </div>
        <div class="collapse">
          <div class="card-body">
              <div class="step pass-bg" title="stepsDefinitions.RegistrationSteps.the_user_navigates_to_signup_page()">
                <span>Given the user is on the registration page</span>
      <div>
      </div>
              </div>
              <div class="step pass-bg" title="stepsDefinitions.RegistrationSteps.user_enter_name_and_already_registered_email_address(java.lang.String)">
                <span>When User Enter name and already registered email address "testrtqa@gmail.com"</span>
      <div>
      </div>
              </div>
              <div class="step pass-bg" title="stepsDefinitions.RegistrationSteps.click_button(java.lang.String)">
                <span>And click "Signup" button</span>
      <div>
      </div>
              </div>
              <div class="step pass-bg" title="stepsDefinitions.RegistrationSteps.user_should_still_be_on_login_page()">
                <span>Then User should still be on login page</span>
      <div>
      </div>
              </div>
          </div>
        </div>
  </div>
</div>
          </div>
        </li>
        <li class="test-item"  status="pass" test-id="234"
          author=""
          tag=""
          device="">
          <div class="test-detail">
            <p class="name">Validate Test Cases Page</p>
            <p class="text-sm">
              <span>2:57:22 PM</span> / <span>00:00:28:085</span>
              <span class="badge pass-bg log float-right">Pass</span>
            </p>
          </div>
          <div class="test-contents d-none">
<div class="detail-head">
<div class="p-v-10">
<div class="info">
<h5 class="test-status text-pass">Validate Test Cases Page</h5>
<span class='badge badge-success'>06.18.2025 2:57:22 PM</span>
<span class='badge badge-danger'>06.18.2025 2:57:50 PM</span>
<span class='badge badge-default'>00:00:28:085</span>
&middot; <span class='uri-anchor badge badge-default'>#test-id=234</span>
<span class='badge badge-default pointer float-right ml-1 et'><i class="fa fa-chevron-down"></i></span>
<span class='badge badge-default pointer float-right ct'><i class="fa fa-chevron-up"></i></span>
</div>
<div class="m-t-10 m-l-5"></div>
</div>
</div>
<div class="accordion mt-4">
  <div class="card">
    <div class="card-header" role="tab">
      <div class="card-title">
        <div class="node" id="235"><span class="badge log pass-bg mr-2">Pass</span>Navigate to Test Cases page</div>
      </div>
    </div>
        <div class="collapse">
          <div class="card-body">
              <div class="step pass-bg" title="stepsDefinitions.TestCasesSteps.the_user_is_on_the_home_page()">
                <span>Given the user is on the home page</span>
      <div>
      </div>
              </div>
              <div class="step pass-bg" title="stepsDefinitions.TestCasesSteps.the_user_clicks_from_the_top_bar(java.lang.String)">
                <span>When the user clicks "Test Cases" from the top bar</span>
      <div>
      </div>
              </div>
              <div class="step pass-bg" title="stepsDefinitions.TestCasesSteps.the_test_cases_page_should_be_displayed()">
                <span>Then the Test Cases page should be displayed</span>
      <div>
      </div>
              </div>
          </div>
        </div>
  </div>
  <div class="card">
    <div class="card-header" role="tab">
      <div class="card-title">
        <div class="node" id="281"><span class="badge log pass-bg mr-2">Pass</span>Expand and verify all test cases</div>
      </div>
    </div>
        <div class="collapse">
          <div class="card-body">
              <div class="step pass-bg" title="stepsDefinitions.TestCasesSteps.the_user_is_on_the_home_page()">
                <span>Given the user is on the home page</span>
      <div>
      </div>
              </div>
              <div class="step pass-bg" title="stepsDefinitions.TestCasesSteps.the_user_clicks_from_the_top_bar(java.lang.String)">
                <span>When the user clicks "Test Cases" from the top bar</span>
      <div>
      </div>
              </div>
              <div class="step pass-bg" title="stepsDefinitions.TestCasesSteps.the_user_clicks_each_test_case_panel()">
                <span>When the user clicks each test case panel</span>
      <div>
      </div>
              </div>
              <div class="step pass-bg" title="stepsDefinitions.TestCasesSteps.all_test_cases_should_expand_and_display_their_descriptions()">
                <span>Then all test cases should expand and display their descriptions</span>
      <div>
      </div>
              </div>
          </div>
        </div>
  </div>
  <div class="card">
    <div class="card-header" role="tab">
      <div class="card-title">
        <div class="node" id="301"><span class="badge log pass-bg mr-2">Pass</span>Verify all test cases are displayed</div>
      </div>
    </div>
        <div class="collapse">
          <div class="card-body">
              <div class="step pass-bg" title="stepsDefinitions.TestCasesSteps.the_user_is_on_the_home_page()">
                <span>Given the user is on the home page</span>
      <div>
      </div>
              </div>
              <div class="step pass-bg" title="stepsDefinitions.TestCasesSteps.the_user_clicks_from_the_top_bar(java.lang.String)">
                <span>When the user clicks "Test Cases" from the top bar</span>
      <div>
      </div>
              </div>
              <div class="step pass-bg" title="stepsDefinitions.TestCasesSteps.user_should_see_test_cases(java.lang.Integer)">
                <span>Then user should see 26 test cases</span>
      <div>
      </div>
              </div>
          </div>
        </div>
  </div>
</div>
          </div>
        </li>
      </ul>
    </div>
  </div>
<div class="test-content scrollable">
<div class="test-content-tools">
<ul><li><a class="back-to-test" href="#"><i class="fa fa-arrow-left"></i></a></li></ul>
</div>
<div class="test-content-detail"><div class="detail-body"></div></div>
</div></div>
<div class="test-wrapper row view exception-view attributes-view">
<div class="test-list">
<div class="test-list-tools">
<ul class="tools pull-left"><li><a href=""><span class="font-size-14">Exception</span></a></li></ul>
<ul class="tools text-right"><li><a href="#"><span class="badge badge-primary">1</span></a></li></ul>
</div>
<div class="test-list-wrapper scrollable">
<ul class="test-list-item">
<li class="test-item">
<div class="test-detail">
<span class="meta">
<span class='badge log badge-danger'>8</span>
</span>
<p class="name">org.openqa.selenium.TimeoutException</p>
<p class="duration text-sm">8 tests</p>
</div>
<div class="test-contents d-none">
<div class="info">
<h4>org.openqa.selenium.TimeoutException</h4>
<span status="fail" class='badge log badge-danger'>8 failed</span>
</div>
<table class='table table-sm mt-4'>
<thead>
<tr>
<th class="status-col">Status</th>
<th class="timestamp-col">Timestamp</th>
<th>TestName</th>
</tr>
</thead>
<tbody>
<tr class="tag-test-status" status="fail">
<td><span class="badge log fail-bg">Fail</span></td>
<td>14:56:09 PM</td>
<td>
<a href="#" class="linked" test-id='1' id='29'>Given the user is logged in</a>
<div class="">
<span class="badge badge-default">Image Validation.Verify images are not broken on all main pages.Given the user is logged in</span>
</div>
</td>
</tr>
<tr class="tag-test-status" status="fail">
<td><span class="badge log fail-bg">Fail</span></td>
<td>14:56:10 PM</td>
<td>
<a href="#" class="linked" test-id='9' id='32'>Given user is on login page</a>
<div class="">
<span class="badge badge-default">Login Functionality.Verify login.Given user is on login page</span>
</div>
</td>
</tr>
<tr class="tag-test-status" status="fail">
<td><span class="badge log fail-bg">Fail</span></td>
<td>14:56:06 PM</td>
<td>
<a href="#" class="linked" test-id='9' id='26'>Given user is on login page</a>
<div class="">
<span class="badge badge-default">Login Functionality.Verify login.Given user is on login page</span>
</div>
</td>
</tr>
<tr class="tag-test-status" status="fail">
<td><span class="badge log fail-bg">Fail</span></td>
<td>14:57:22 PM</td>
<td>
<a href="#" class="linked" test-id='193' id='237'>Given the user is logged in</a>
<div class="">
<span class="badge badge-default">Purchase Product.Successful purchase of a product.Given the user is logged in</span>
</div>
</td>
</tr>
<tr class="tag-test-status" status="fail">
<td><span class="badge log fail-bg">Fail</span></td>
<td>14:59:09 PM</td>
<td>
<a href="#" class="linked" test-id='1' id='329'>hooks.Hooks.addScreenshot(io.cucumber.java.Scenario)</a>
<div class="">
<span class="badge badge-default">Image Validation.Verify images are not broken on all main pages.hooks.Hooks.addScreenshot(io.cucumber.java.Scenario)</span>
</div>
</td>
</tr>
<tr class="tag-test-status" status="fail">
<td><span class="badge log fail-bg">Fail</span></td>
<td>14:59:10 PM</td>
<td>
<a href="#" class="linked" test-id='9' id='330'>hooks.Hooks.addScreenshot(io.cucumber.java.Scenario)</a>
<div class="">
<span class="badge badge-default">Login Functionality.Verify login.hooks.Hooks.addScreenshot(io.cucumber.java.Scenario)</span>
</div>
</td>
</tr>
<tr class="tag-test-status" status="fail">
<td><span class="badge log fail-bg">Fail</span></td>
<td>14:59:13 PM</td>
<td>
<a href="#" class="linked" test-id='9' id='331'>hooks.Hooks.addScreenshot(io.cucumber.java.Scenario)</a>
<div class="">
<span class="badge badge-default">Login Functionality.Verify login.hooks.Hooks.addScreenshot(io.cucumber.java.Scenario)</span>
</div>
</td>
</tr>
<tr class="tag-test-status" status="fail">
<td><span class="badge log fail-bg">Fail</span></td>
<td>15:00:23 PM</td>
<td>
<a href="#" class="linked" test-id='193' id='332'>hooks.Hooks.addScreenshot(io.cucumber.java.Scenario)</a>
<div class="">
<span class="badge badge-default">Purchase Product.Successful purchase of a product.hooks.Hooks.addScreenshot(io.cucumber.java.Scenario)</span>
</div>
</td>
</tr>
</tbody>
</table>
</div>
</li>
</ul>
</div>
</div>
<div class="test-content scrollable">
<div class="test-content-detail">
<div class="detail-body"></div>
</div>
</div>
</div><div class="test-wrapper row view category-view attributes-view">
<div class="test-list">
<div class="test-list-tools">
<ul class="tools pull-left"><li><a href=""><span class="font-size-14">Category</span></a></li></ul>
<ul class="tools text-right"><li><a href="#"><span class="badge badge-primary">2</span></a></li></ul>
</div>
<div class="test-list-wrapper scrollable">
<ul class="test-list-item">
<li class="test-item">
<div class="test-detail">
<span class="meta">
<span class='badge log pass-bg'>26</span>
<span class='badge log badge-danger'>4</span>
</span>
<p class="name">@smoketest</p>
<p class="duration text-sm">30 tests</p>
</div>
<div class="test-contents d-none">
<div class="info">
<h4>@smoketest</h4>
<span status="pass" class='badge log pass-bg'>26 passed</span>
<span status="fail" class='badge log badge-danger'>4 failed</span>
</div>
<table class='table table-sm mt-4'>
<thead>
<tr>
<th class="status-col">Status</th>
<th class="timestamp-col">Timestamp</th>
<th>TestName</th>
</tr>
</thead>
<tbody>
<tr class="tag-test-status" status="pass">
<td><span class="badge log pass-bg">Pass</span></td>
<td>14:55:56 PM</td>
<td>
<a href="#" class="linked" test-id='1' id='3'>Verify images are not broken on all main pages</a>
<div class="">
<span class="badge badge-default">Image Validation.Verify images are not broken on all main pages</span>
</div>
</td>
</tr>
<tr class="tag-test-status" status="pass">
<td><span class="badge log pass-bg">Pass</span></td>
<td>14:55:56 PM</td>
<td>
<a href="#" class="linked" test-id='1' id='4'>Verify images are not broken on all main pages</a>
<div class="">
<span class="badge badge-default">Image Validation.Verify images are not broken on all main pages</span>
</div>
</td>
</tr>
<tr class="tag-test-status" status="pass">
<td><span class="badge log pass-bg">Pass</span></td>
<td>14:55:56 PM</td>
<td>
<a href="#" class="linked" test-id='1' id='5'>Verify images are not broken on all main pages</a>
<div class="">
<span class="badge badge-default">Image Validation.Verify images are not broken on all main pages</span>
</div>
</td>
</tr>
<tr class="tag-test-status" status="fail">
<td><span class="badge log fail-bg">Fail</span></td>
<td>14:55:56 PM</td>
<td>
<a href="#" class="linked" test-id='1' id='6'>Verify images are not broken on all main pages</a>
<div class="">
<span class="badge badge-default">Image Validation.Verify images are not broken on all main pages</span>
</div>
</td>
</tr>
<tr class="tag-test-status" status="pass">
<td><span class="badge log pass-bg">Pass</span></td>
<td>14:55:56 PM</td>
<td>
<a href="#" class="linked" test-id='1' id='7'>Verify images are not broken on all main pages</a>
<div class="">
<span class="badge badge-default">Image Validation.Verify images are not broken on all main pages</span>
</div>
</td>
</tr>
<tr class="tag-test-status" status="pass">
<td><span class="badge log pass-bg">Pass</span></td>
<td>14:55:56 PM</td>
<td>
<a href="#" class="linked" test-id='1' id='8'>Verify images are not broken on all main pages</a>
<div class="">
<span class="badge badge-default">Image Validation.Verify images are not broken on all main pages</span>
</div>
</td>
</tr>
<tr class="tag-test-status" status="fail">
<td><span class="badge log fail-bg">Fail</span></td>
<td>14:55:56 PM</td>
<td>
<a href="#" class="linked" test-id='9' id='11'>Verify login</a>
<div class="">
<span class="badge badge-default">Login Functionality.Verify login</span>
</div>
</td>
</tr>
<tr class="tag-test-status" status="pass">
<td><span class="badge log pass-bg">Pass</span></td>
<td>14:55:56 PM</td>
<td>
<a href="#" class="linked" test-id='9' id='12'>Verify login</a>
<div class="">
<span class="badge badge-default">Login Functionality.Verify login</span>
</div>
</td>
</tr>
<tr class="tag-test-status" status="fail">
<td><span class="badge log fail-bg">Fail</span></td>
<td>14:55:56 PM</td>
<td>
<a href="#" class="linked" test-id='9' id='13'>Verify login</a>
<div class="">
<span class="badge badge-default">Login Functionality.Verify login</span>
</div>
</td>
</tr>
<tr class="tag-test-status" status="pass">
<td><span class="badge log pass-bg">Pass</span></td>
<td>14:55:56 PM</td>
<td>
<a href="#" class="linked" test-id='9' id='15'>Verify login</a>
<div class="">
<span class="badge badge-default">Login Functionality.Verify login</span>
</div>
</td>
</tr>
<tr class="tag-test-status" status="pass">
<td><span class="badge log pass-bg">Pass</span></td>
<td>14:56:22 PM</td>
<td>
<a href="#" class="linked" test-id='58' id='59'>Verify all images are displayed</a>
<div class="">
<span class="badge badge-default">Products page functionality.Verify all images are displayed</span>
</div>
</td>
</tr>
<tr class="tag-test-status" status="pass">
<td><span class="badge log pass-bg">Pass</span></td>
<td>14:56:22 PM</td>
<td>
<a href="#" class="linked" test-id='58' id='61'>Verify Search Product Functionality</a>
<div class="">
<span class="badge badge-default">Products page functionality.Verify Search Product Functionality</span>
</div>
</td>
</tr>
<tr class="tag-test-status" status="pass">
<td><span class="badge log pass-bg">Pass</span></td>
<td>14:56:22 PM</td>
<td>
<a href="#" class="linked" test-id='58' id='64'>Verify subcategory filter displays correct products</a>
<div class="">
<span class="badge badge-default">Products page functionality.Verify subcategory filter displays correct products</span>
</div>
</td>
</tr>
<tr class="tag-test-status" status="pass">
<td><span class="badge log pass-bg">Pass</span></td>
<td>14:56:30 PM</td>
<td>
<a href="#" class="linked" test-id='1' id='74'>Verify subcategory filter displays correct products</a>
<div class="">
<span class="badge badge-default">Image Validation.Verify subcategory filter displays correct products</span>
</div>
</td>
</tr>
<tr class="tag-test-status" status="pass">
<td><span class="badge log pass-bg">Pass</span></td>
<td>14:56:34 PM</td>
<td>
<a href="#" class="linked" test-id='1' id='84'>Verify subcategory filter displays correct products</a>
<div class="">
<span class="badge badge-default">Image Validation.Verify subcategory filter displays correct products</span>
</div>
</td>
</tr>
<tr class="tag-test-status" status="pass">
<td><span class="badge log pass-bg">Pass</span></td>
<td>14:56:39 PM</td>
<td>
<a href="#" class="linked" test-id='58' id='98'>Verify subcategory filter displays correct products</a>
<div class="">
<span class="badge badge-default">Products page functionality.Verify subcategory filter displays correct products</span>
</div>
</td>
</tr>
<tr class="tag-test-status" status="pass">
<td><span class="badge log pass-bg">Pass</span></td>
<td>14:56:42 PM</td>
<td>
<a href="#" class="linked" test-id='58' id='112'>Verify Brands displays correct page</a>
<div class="">
<span class="badge badge-default">Products page functionality.Verify Brands displays correct page</span>
</div>
</td>
</tr>
<tr class="tag-test-status" status="pass">
<td><span class="badge log pass-bg">Pass</span></td>
<td>14:56:44 PM</td>
<td>
<a href="#" class="linked" test-id='58' id='119'>Verify Brands displays correct page</a>
<div class="">
<span class="badge badge-default">Products page functionality.Verify Brands displays correct page</span>
</div>
</td>
</tr>
<tr class="tag-test-status" status="pass">
<td><span class="badge log pass-bg">Pass</span></td>
<td>14:56:53 PM</td>
<td>
<a href="#" class="linked" test-id='1' id='140'>Verify Brands displays correct page</a>
<div class="">
<span class="badge badge-default">Image Validation.Verify Brands displays correct page</span>
</div>
</td>
</tr>
<tr class="tag-test-status" status="pass">
<td><span class="badge log pass-bg">Pass</span></td>
<td>14:56:54 PM</td>
<td>
<a href="#" class="linked" test-id='1' id='142'>Verify Brands displays correct page</a>
<div class="">
<span class="badge badge-default">Image Validation.Verify Brands displays correct page</span>
</div>
</td>
</tr>
<tr class="tag-test-status" status="pass">
<td><span class="badge log pass-bg">Pass</span></td>
<td>14:56:56 PM</td>
<td>
<a href="#" class="linked" test-id='1' id='150'>Verify Brands displays correct page</a>
<div class="">
<span class="badge badge-default">Image Validation.Verify Brands displays correct page</span>
</div>
</td>
</tr>
<tr class="tag-test-status" status="pass">
<td><span class="badge log pass-bg">Pass</span></td>
<td>14:57:04 PM</td>
<td>
<a href="#" class="linked" test-id='9' id='168'>Verify Brands displays correct page</a>
<div class="">
<span class="badge badge-default">Login Functionality.Verify Brands displays correct page</span>
</div>
</td>
</tr>
<tr class="tag-test-status" status="pass">
<td><span class="badge log pass-bg">Pass</span></td>
<td>14:57:04 PM</td>
<td>
<a href="#" class="linked" test-id='58' id='170'>Verify Brands displays correct page</a>
<div class="">
<span class="badge badge-default">Products page functionality.Verify Brands displays correct page</span>
</div>
</td>
</tr>
<tr class="tag-test-status" status="pass">
<td><span class="badge log pass-bg">Pass</span></td>
<td>14:57:09 PM</td>
<td>
<a href="#" class="linked" test-id='58' id='187'>Verify Brands displays correct page</a>
<div class="">
<span class="badge badge-default">Products page functionality.Verify Brands displays correct page</span>
</div>
</td>
</tr>
<tr class="tag-test-status" status="fail">
<td><span class="badge log fail-bg">Fail</span></td>
<td>14:57:10 PM</td>
<td>
<a href="#" class="linked" test-id='193' id='194'>Successful purchase of a product</a>
<div class="">
<span class="badge badge-default">Purchase Product.Successful purchase of a product</span>
</div>
</td>
</tr>
<tr class="tag-test-status" status="pass">
<td><span class="badge log pass-bg">Pass</span></td>
<td>14:57:18 PM</td>
<td>
<a href="#" class="linked" test-id='221' id='222'>Successful user registration</a>
<div class="">
<span class="badge badge-default">User registration.Successful user registration</span>
</div>
</td>
</tr>
<tr class="tag-test-status" status="pass">
<td><span class="badge log pass-bg">Pass</span></td>
<td>14:57:19 PM</td>
<td>
<a href="#" class="linked" test-id='221' id='224'>Register user with existing email</a>
<div class="">
<span class="badge badge-default">User registration.Register user with existing email</span>
</div>
</td>
</tr>
<tr class="tag-test-status" status="pass">
<td><span class="badge log pass-bg">Pass</span></td>
<td>14:57:22 PM</td>
<td>
<a href="#" class="linked" test-id='234' id='235'>Navigate to Test Cases page</a>
<div class="">
<span class="badge badge-default">Validate Test Cases Page.Navigate to Test Cases page</span>
</div>
</td>
</tr>
<tr class="tag-test-status" status="pass">
<td><span class="badge log pass-bg">Pass</span></td>
<td>14:57:36 PM</td>
<td>
<a href="#" class="linked" test-id='234' id='281'>Expand and verify all test cases</a>
<div class="">
<span class="badge badge-default">Validate Test Cases Page.Expand and verify all test cases</span>
</div>
</td>
</tr>
<tr class="tag-test-status" status="pass">
<td><span class="badge log pass-bg">Pass</span></td>
<td>14:57:38 PM</td>
<td>
<a href="#" class="linked" test-id='234' id='301'>Verify all test cases are displayed</a>
<div class="">
<span class="badge badge-default">Validate Test Cases Page.Verify all test cases are displayed</span>
</div>
</td>
</tr>
</tbody>
</table>
</div>
</li>
<li class="test-item">
<div class="test-detail">
<span class="meta">
<span class='badge log pass-bg'>26</span>
<span class='badge log badge-danger'>4</span>
</span>
<p class="name">@regression</p>
<p class="duration text-sm">30 tests</p>
</div>
<div class="test-contents d-none">
<div class="info">
<h4>@regression</h4>
<span status="pass" class='badge log pass-bg'>26 passed</span>
<span status="fail" class='badge log badge-danger'>4 failed</span>
</div>
<table class='table table-sm mt-4'>
<thead>
<tr>
<th class="status-col">Status</th>
<th class="timestamp-col">Timestamp</th>
<th>TestName</th>
</tr>
</thead>
<tbody>
<tr class="tag-test-status" status="pass">
<td><span class="badge log pass-bg">Pass</span></td>
<td>14:55:56 PM</td>
<td>
<a href="#" class="linked" test-id='1' id='3'>Verify images are not broken on all main pages</a>
<div class="">
<span class="badge badge-default">Image Validation.Verify images are not broken on all main pages</span>
</div>
</td>
</tr>
<tr class="tag-test-status" status="pass">
<td><span class="badge log pass-bg">Pass</span></td>
<td>14:55:56 PM</td>
<td>
<a href="#" class="linked" test-id='1' id='4'>Verify images are not broken on all main pages</a>
<div class="">
<span class="badge badge-default">Image Validation.Verify images are not broken on all main pages</span>
</div>
</td>
</tr>
<tr class="tag-test-status" status="pass">
<td><span class="badge log pass-bg">Pass</span></td>
<td>14:55:56 PM</td>
<td>
<a href="#" class="linked" test-id='1' id='5'>Verify images are not broken on all main pages</a>
<div class="">
<span class="badge badge-default">Image Validation.Verify images are not broken on all main pages</span>
</div>
</td>
</tr>
<tr class="tag-test-status" status="fail">
<td><span class="badge log fail-bg">Fail</span></td>
<td>14:55:56 PM</td>
<td>
<a href="#" class="linked" test-id='1' id='6'>Verify images are not broken on all main pages</a>
<div class="">
<span class="badge badge-default">Image Validation.Verify images are not broken on all main pages</span>
</div>
</td>
</tr>
<tr class="tag-test-status" status="pass">
<td><span class="badge log pass-bg">Pass</span></td>
<td>14:55:56 PM</td>
<td>
<a href="#" class="linked" test-id='1' id='7'>Verify images are not broken on all main pages</a>
<div class="">
<span class="badge badge-default">Image Validation.Verify images are not broken on all main pages</span>
</div>
</td>
</tr>
<tr class="tag-test-status" status="pass">
<td><span class="badge log pass-bg">Pass</span></td>
<td>14:55:56 PM</td>
<td>
<a href="#" class="linked" test-id='1' id='8'>Verify images are not broken on all main pages</a>
<div class="">
<span class="badge badge-default">Image Validation.Verify images are not broken on all main pages</span>
</div>
</td>
</tr>
<tr class="tag-test-status" status="fail">
<td><span class="badge log fail-bg">Fail</span></td>
<td>14:55:56 PM</td>
<td>
<a href="#" class="linked" test-id='9' id='11'>Verify login</a>
<div class="">
<span class="badge badge-default">Login Functionality.Verify login</span>
</div>
</td>
</tr>
<tr class="tag-test-status" status="pass">
<td><span class="badge log pass-bg">Pass</span></td>
<td>14:55:56 PM</td>
<td>
<a href="#" class="linked" test-id='9' id='12'>Verify login</a>
<div class="">
<span class="badge badge-default">Login Functionality.Verify login</span>
</div>
</td>
</tr>
<tr class="tag-test-status" status="fail">
<td><span class="badge log fail-bg">Fail</span></td>
<td>14:55:56 PM</td>
<td>
<a href="#" class="linked" test-id='9' id='13'>Verify login</a>
<div class="">
<span class="badge badge-default">Login Functionality.Verify login</span>
</div>
</td>
</tr>
<tr class="tag-test-status" status="pass">
<td><span class="badge log pass-bg">Pass</span></td>
<td>14:55:56 PM</td>
<td>
<a href="#" class="linked" test-id='9' id='15'>Verify login</a>
<div class="">
<span class="badge badge-default">Login Functionality.Verify login</span>
</div>
</td>
</tr>
<tr class="tag-test-status" status="pass">
<td><span class="badge log pass-bg">Pass</span></td>
<td>14:56:22 PM</td>
<td>
<a href="#" class="linked" test-id='58' id='59'>Verify all images are displayed</a>
<div class="">
<span class="badge badge-default">Products page functionality.Verify all images are displayed</span>
</div>
</td>
</tr>
<tr class="tag-test-status" status="pass">
<td><span class="badge log pass-bg">Pass</span></td>
<td>14:56:22 PM</td>
<td>
<a href="#" class="linked" test-id='58' id='61'>Verify Search Product Functionality</a>
<div class="">
<span class="badge badge-default">Products page functionality.Verify Search Product Functionality</span>
</div>
</td>
</tr>
<tr class="tag-test-status" status="pass">
<td><span class="badge log pass-bg">Pass</span></td>
<td>14:56:22 PM</td>
<td>
<a href="#" class="linked" test-id='58' id='64'>Verify subcategory filter displays correct products</a>
<div class="">
<span class="badge badge-default">Products page functionality.Verify subcategory filter displays correct products</span>
</div>
</td>
</tr>
<tr class="tag-test-status" status="pass">
<td><span class="badge log pass-bg">Pass</span></td>
<td>14:56:30 PM</td>
<td>
<a href="#" class="linked" test-id='1' id='74'>Verify subcategory filter displays correct products</a>
<div class="">
<span class="badge badge-default">Image Validation.Verify subcategory filter displays correct products</span>
</div>
</td>
</tr>
<tr class="tag-test-status" status="pass">
<td><span class="badge log pass-bg">Pass</span></td>
<td>14:56:34 PM</td>
<td>
<a href="#" class="linked" test-id='1' id='84'>Verify subcategory filter displays correct products</a>
<div class="">
<span class="badge badge-default">Image Validation.Verify subcategory filter displays correct products</span>
</div>
</td>
</tr>
<tr class="tag-test-status" status="pass">
<td><span class="badge log pass-bg">Pass</span></td>
<td>14:56:39 PM</td>
<td>
<a href="#" class="linked" test-id='58' id='98'>Verify subcategory filter displays correct products</a>
<div class="">
<span class="badge badge-default">Products page functionality.Verify subcategory filter displays correct products</span>
</div>
</td>
</tr>
<tr class="tag-test-status" status="pass">
<td><span class="badge log pass-bg">Pass</span></td>
<td>14:56:42 PM</td>
<td>
<a href="#" class="linked" test-id='58' id='112'>Verify Brands displays correct page</a>
<div class="">
<span class="badge badge-default">Products page functionality.Verify Brands displays correct page</span>
</div>
</td>
</tr>
<tr class="tag-test-status" status="pass">
<td><span class="badge log pass-bg">Pass</span></td>
<td>14:56:44 PM</td>
<td>
<a href="#" class="linked" test-id='58' id='119'>Verify Brands displays correct page</a>
<div class="">
<span class="badge badge-default">Products page functionality.Verify Brands displays correct page</span>
</div>
</td>
</tr>
<tr class="tag-test-status" status="pass">
<td><span class="badge log pass-bg">Pass</span></td>
<td>14:56:53 PM</td>
<td>
<a href="#" class="linked" test-id='1' id='140'>Verify Brands displays correct page</a>
<div class="">
<span class="badge badge-default">Image Validation.Verify Brands displays correct page</span>
</div>
</td>
</tr>
<tr class="tag-test-status" status="pass">
<td><span class="badge log pass-bg">Pass</span></td>
<td>14:56:54 PM</td>
<td>
<a href="#" class="linked" test-id='1' id='142'>Verify Brands displays correct page</a>
<div class="">
<span class="badge badge-default">Image Validation.Verify Brands displays correct page</span>
</div>
</td>
</tr>
<tr class="tag-test-status" status="pass">
<td><span class="badge log pass-bg">Pass</span></td>
<td>14:56:56 PM</td>
<td>
<a href="#" class="linked" test-id='1' id='150'>Verify Brands displays correct page</a>
<div class="">
<span class="badge badge-default">Image Validation.Verify Brands displays correct page</span>
</div>
</td>
</tr>
<tr class="tag-test-status" status="pass">
<td><span class="badge log pass-bg">Pass</span></td>
<td>14:57:04 PM</td>
<td>
<a href="#" class="linked" test-id='9' id='168'>Verify Brands displays correct page</a>
<div class="">
<span class="badge badge-default">Login Functionality.Verify Brands displays correct page</span>
</div>
</td>
</tr>
<tr class="tag-test-status" status="pass">
<td><span class="badge log pass-bg">Pass</span></td>
<td>14:57:04 PM</td>
<td>
<a href="#" class="linked" test-id='58' id='170'>Verify Brands displays correct page</a>
<div class="">
<span class="badge badge-default">Products page functionality.Verify Brands displays correct page</span>
</div>
</td>
</tr>
<tr class="tag-test-status" status="pass">
<td><span class="badge log pass-bg">Pass</span></td>
<td>14:57:09 PM</td>
<td>
<a href="#" class="linked" test-id='58' id='187'>Verify Brands displays correct page</a>
<div class="">
<span class="badge badge-default">Products page functionality.Verify Brands displays correct page</span>
</div>
</td>
</tr>
<tr class="tag-test-status" status="fail">
<td><span class="badge log fail-bg">Fail</span></td>
<td>14:57:10 PM</td>
<td>
<a href="#" class="linked" test-id='193' id='194'>Successful purchase of a product</a>
<div class="">
<span class="badge badge-default">Purchase Product.Successful purchase of a product</span>
</div>
</td>
</tr>
<tr class="tag-test-status" status="pass">
<td><span class="badge log pass-bg">Pass</span></td>
<td>14:57:18 PM</td>
<td>
<a href="#" class="linked" test-id='221' id='222'>Successful user registration</a>
<div class="">
<span class="badge badge-default">User registration.Successful user registration</span>
</div>
</td>
</tr>
<tr class="tag-test-status" status="pass">
<td><span class="badge log pass-bg">Pass</span></td>
<td>14:57:19 PM</td>
<td>
<a href="#" class="linked" test-id='221' id='224'>Register user with existing email</a>
<div class="">
<span class="badge badge-default">User registration.Register user with existing email</span>
</div>
</td>
</tr>
<tr class="tag-test-status" status="pass">
<td><span class="badge log pass-bg">Pass</span></td>
<td>14:57:22 PM</td>
<td>
<a href="#" class="linked" test-id='234' id='235'>Navigate to Test Cases page</a>
<div class="">
<span class="badge badge-default">Validate Test Cases Page.Navigate to Test Cases page</span>
</div>
</td>
</tr>
<tr class="tag-test-status" status="pass">
<td><span class="badge log pass-bg">Pass</span></td>
<td>14:57:36 PM</td>
<td>
<a href="#" class="linked" test-id='234' id='281'>Expand and verify all test cases</a>
<div class="">
<span class="badge badge-default">Validate Test Cases Page.Expand and verify all test cases</span>
</div>
</td>
</tr>
<tr class="tag-test-status" status="pass">
<td><span class="badge log pass-bg">Pass</span></td>
<td>14:57:38 PM</td>
<td>
<a href="#" class="linked" test-id='234' id='301'>Verify all test cases are displayed</a>
<div class="">
<span class="badge badge-default">Validate Test Cases Page.Verify all test cases are displayed</span>
</div>
</td>
</tr>
</tbody>
</table>
</div>
</li>
</ul>
</div>
</div>
<div class="test-content scrollable">
<div class="test-content-detail">
<div class="detail-body"></div>
</div>
</div>
</div><div class="container-fluid p-4 view dashboard-view">
<div class="row">
<div class="col-md-3">
<div class="card"><div class="card-body">
<p class="m-b-0">Started</p>
<h3>Jun 18, 2025 02:55:55 PM</h3>
</div></div>
</div>
<div class="col-md-3">
<div class="card"><div class="card-body">
<p class="m-b-0">Ended</p>
<h3>Jun 18, 2025 03:03:44 PM</h3>
</div></div>
</div>
<div class="col-md-3">
<div class="card"><div class="card-body">
<p class="m-b-0 text-pass">Features Passed</p>
<h3>3</h3>
</div></div>
</div>
<div class="col-md-3">
<div class="card"><div class="card-body">
<p class="m-b-0 text-fail">Features Failed</p>
<h3>3</h3>
</div></div>
</div>
</div>
<div class="row">
<div class="col-md-4">
<div class="card">
<div class="card-header">
<h6 class="card-title">Features</h6>
</div>
<div class="card-body">
<div class="">
<canvas id='parent-analysis' width='115' height='90'></canvas>
</div>
</div>
<div class="card-footer">
<div><small data-tooltip='50%'>
<b>3</b> features passed
</small>
</div>
<div>
<small data-tooltip='50%'><b>3</b> features failed,
<b>0</b> skipped, <b data-tooltip='0%'>0</b> others
</small>
</div>
</div>
</div>
</div>
<div class="col-md-4">
<div class="card">
<div class="card-header">
<h6 class="card-title">Scenarios</h6>
</div>
<div class="card-body">
<div class="">
<canvas id='child-analysis' width='115' height='90'></canvas>
</div>
</div>
<div class="card-footer">
<div><small data-tooltip='86%'><b>26</b> scenarios passed</small></div>
<div>
<small data-tooltip='13%'><b>4</b> scenarios failed,
<b>0</b> skipped, <b data-tooltip='%'>0</b> others
</small>
</div>
</div>
</div>
</div>
<div class="col-md-4">
<div class="card">
<div class="card-header">
<h6 class="card-title">Steps</h6>
</div>
<div class="card-body">
<div class="">
<canvas id='grandchild-analysis' width='115' height='90'></canvas>
</div>
</div>
<div class="card-footer">
<div><small data-tooltip='79%'><b>114</b> steps passed</small></div>
<div>
<small data-tooltip='5%'><b>8</b> steps failed,
<b>21</b> skipped, <b data-tooltip='%'>0</b> others
</small>
</div>
</div>
</div>
</div>
</div>
<div class="row"><div class="col-md-12">
<div class="card"><div class="card-header"><p>Timeline</p></div>
<div class="card-body pt-0"><div>
<canvas id="timeline" height="120"></canvas>
</div></div>
</div>
</div></div>
<script>
var timeline = {
"Image Validation":394.13,"Login Functionality":398.15,"Products page functionality":76.236,"Purchase Product":393.841,"User registration":26.61,"Validate Test Cases Page":28.085
};
</script>
<div class="row">
<div class="col-lg-6 col-md-12 category-container">
<div class="card">
<div class="card-header"><p>Tags</p></div>
<div class="card-body pb-0 pt-0"><table class="table table-sm table-bordered">
<thead><tr class="bg-gray"><th>Name</th><th>Passed</th><th>Failed</th><th>Skipped</th><th>Others</th><th>Passed %</th></tr></thead><tbody>
<tr>
<td>@smoketest</td>
<td>26</td>
<td>4</td>
<td>0</td>
<td>0</td>
<td>86.667%</td>
</tr>
<tr>
<td>@regression</td>
<td>26</td>
<td>4</td>
<td>0</td>
<td>0</td>
<td>86.667%</td>
</tr>
</tbody>
</table></div>
</div>
</div>
</div>
</div>
<script>
var statusGroup = {
parentCount: 5,
passParent: 3,
failParent: 3,
warningParent: 0,
skipParent: 0,
childCount: 5,
passChild: 26,
failChild: 4,
warningChild: 0,
skipChild: 0,
infoChild: 0,
grandChildCount: 5,
passGrandChild: 114,
failGrandChild: 8,
warningGrandChild: 0,
skipGrandChild: 21,
infoGrandChild: 0,
eventsCount: 5,
};
</script>        </div>
      </div>
    </div>
  </div>
<script src="https://cdn.jsdelivr.net/gh/extent-framework/extent-github-cdn@d6562a79075e061305ccfdb82f01e5e195e2d307/spark/js/spark-script.js"></script>
<script type="text/javascript"></script></body>
</html>